"../../../Engine/Content/ArtTools/RenderToTexture/Enums/RenderToTexture_Enum.uasset" 0
"../../../Engine/Content/ArtTools/RenderToTexture/Enums/RenderToTexture_Flipbook_Enum.uasset" 1
"../../../Engine/Content/ArtTools/RenderToTexture/Enums/RenderToTexture_Imposter_Enum.uasset" 2
"../../../Engine/Content/EditorBlueprintResources/StandardMacros.uasset" 3
"../../../Engine/Content/ArtTools/RenderToTexture/Enums/EIntTypes.uasset" 4
"../../../Engine/Content/ArtTools/RenderToTexture/Macros/RenderToTextureFunctionLibrary.uasset" 5
"../../../Engine/Content/ArtTools/RenderToTexture/Enums/EFloatTypes.uasset" 6
"../../../Engine/Content/ArtTools/RenderToTexture/Macros/RenderToTextureMacros.uasset" 7
"../../../Engine/Content/Functions/Engine_MaterialFunctions01/Opacity/CameraDepthFade.uasset" 8
"../../../Engine/Content/EngineMaterials/T_Default_Material_Grid_M.uasset" 9
"../../../Engine/Content/EngineMaterials/T_Default_Material_Grid_N.uasset" 10
"../../../Engine/Content/EngineMaterials/WorldGridMaterial.uasset" 11
"../../../Engine/Content/ArtTools/RenderToTexture/Meshes/S_1_Unit_Plane.uasset" 12
"../../../Engine/Content/BasicShapes/BasicShapeMaterial.uasset" 13
"../../../Engine/Content/EngineMaterials/DefaultMaterial.uasset" 14
"../../../Engine/Content/BasicShapes/Cone.uasset" 15
"../../../Engine/Content/BasicShapes/Cube.uasset" 16
"../../../Engine/Content/BasicShapes/Cylinder.uasset" 17
"../../../Engine/Content/BasicShapes/Plane.uasset" 18
"../../../Engine/Content/BasicShapes/Sphere.uasset" 19
"../../../Engine/Content/EngineMaterials/DefaultPhysicalMaterial.uasset" 20
"../../../Engine/Content/BufferVisualization/AmbientOcclusion.uasset" 21
"../../../Engine/Content/BufferVisualization/BaseColor.uasset" 22
"../../../Engine/Content/BufferVisualization/CustomDepth.uasset" 23
"../../../Engine/Content/Functions/Engine_MaterialFunctions02/Utility/VectorLength.uasset" 24
"../../../Engine/Content/BufferVisualization/CustomDepthWorldUnits.uasset" 25
"../../../Engine/Content/Functions/Engine_MaterialFunctions02/Utility/BreakOutFloat2Components.uasset" 26
"../../../Engine/Content/Functions/Engine_MaterialFunctions01/Texturing/ScaleUVsByCenter.uasset" 27
"../../../Engine/Content/Functions/Engine_MaterialFunctions02/ScreenResolution.uasset" 28
"../../../Engine/Content/Functions/Engine_MaterialFunctions02/Texturing/ScreenAlignedUVs.uasset" 29
"../../../Engine/Content/Functions/Engine_MaterialFunctions02/Utility/MakeFloat2.uasset" 30
"../../../Engine/Content/Functions/Engine_MaterialFunctions02/Utility/MakeFloat3.uasset" 31
"../../../Engine/Content/EngineMaterials/MiniFont.uasset" 32
"../../../Engine/Content/BufferVisualization/CustomStencil.uasset" 33
"../../../Engine/Content/BufferVisualization/FinalImage.uasset" 34
"../../../Engine/Content/BufferVisualization/LightingModel.uasset" 35
"../../../Engine/Content/BufferVisualization/MaterialAO.uasset" 36
"../../../Engine/Content/BufferVisualization/Metallic.uasset" 37
"../../../Engine/Content/BufferVisualization/Opacity.uasset" 38
"../../../Engine/Content/BufferVisualization/PostTonemapHDRColor.uasset" 39
"../../../Engine/Content/BufferVisualization/PreTonemapHDRColor.uasset" 40
"../../../Engine/Content/BufferVisualization/Roughness.uasset" 41
"../../../Engine/Content/BufferVisualization/SceneColor.uasset" 42
"../../../Engine/Content/BufferVisualization/SceneDepth.uasset" 43
"../../../Engine/Content/BufferVisualization/SceneDepthWorldUnits.uasset" 44
"../../../Engine/Content/BufferVisualization/SeparateTranslucencyA.uasset" 45
"../../../Engine/Content/BufferVisualization/SeparateTranslucencyRGB.uasset" 46
"../../../Engine/Content/BufferVisualization/Specular.uasset" 47
"../../../Engine/Content/BufferVisualization/SubsurfaceColor.uasset" 48
"../../../Engine/Content/BufferVisualization/WorldNormal.uasset" 49
"../../../Engine/Content/EditorLandscapeResources/DefaultAlphaTexture.uasset" 50
"../../../Engine/Content/EditorLandscapeResources/AlphaBrushMaterial.uasset" 51
"../../../Engine/Content/EditorLandscapeResources/AlphaBrushMaterial_Smooth.uasset" 52
"../../../Engine/Content/EditorLandscapeResources/CircleBrushMaterial.uasset" 53
"../../../Engine/Content/EditorLandscapeResources/CircleBrushMaterial_Linear.uasset" 54
"../../../Engine/Content/EditorLandscapeResources/CircleBrushMaterial_Smooth.uasset" 55
"../../../Engine/Content/EditorLandscapeResources/CircleBrushMaterial_Spherical.uasset" 56
"../../../Engine/Content/EditorLandscapeResources/CircleBrushMaterial_Tip.uasset" 57
"../../../Engine/Content/EditorLandscapeResources/DataLayer.uasset" 58
"../../../Engine/Content/Functions/Engine_MaterialFunctions01/Gradient/RadialGradient.uasset" 59
"../../../Engine/Content/EditorLandscapeResources/FlattenHeightMat.uasset" 60
"../../../Engine/Content/EditorLandscapeResources/FlattenPlaneMesh.uasset" 61
"../../../Engine/Content/EditorLandscapeResources/LandscapeGizmoHeight_Mat.uasset" 62
"../../../Engine/Content/EditorLandscapeResources/LandscapeGizmo_Mat.uasset" 63
"../../../Engine/Content/EditorLandscapeResources/LandscapeGizmo_Mat_Copied.uasset" 64
"../../../Engine/Content/EngineMaterials/DefaultDiffuse.uasset" 65
"../../../Engine/Content/Functions/Engine_MaterialFunctions01/Texturing/TextureCropping.uasset" 66
"../../../Engine/Content/Functions/Engine_MaterialFunctions02/ExampleContent/DebugNumberStrip.uasset" 67
"../../../Engine/Content/Functions/Engine_MaterialFunctions01/Debug/DebugIntValues.uasset" 68
"../../../Engine/Content/Functions/Engine_MaterialFunctions02/WorldPositionOffset/LocalPosition.uasset" 69
"../../../Engine/Content/EditorLandscapeResources/LandscapeLayerUsageMaterial.uasset" 70
"../../../Engine/Content/EditorLandscapeResources/LandscapeThumbnailHeightmap.uasset" 71
"../../../Engine/Content/EditorLandscapeResources/LandscapeThumbnailWeightmap.uasset" 72
"../../../Engine/Content/EditorLandscapeResources/WhiteSquareTexture.uasset" 73
"../../../Engine/Content/EditorLandscapeResources/LayerVisMaterial.uasset" 74
"../../../Engine/Content/EditorLandscapeResources/MaskBrushMaterial.uasset" 75
"../../../Engine/Content/EditorLandscapeResources/MaskBrushMaterial_Gizmo.uasset" 76
"../../../Engine/Content/EditorLandscapeResources/MaskBrushMaterial_MaskedRegion.uasset" 77
"../../../Engine/Content/EditorLandscapeResources/MirrorPlaneMaterial.uasset" 78
"../../../Engine/Content/EditorLandscapeResources/PatternBrushMaterial_Smooth.uasset" 79
"../../../Engine/Content/EditorLandscapeResources/SelectBrushMaterial.uasset" 80
"../../../Engine/Content/EditorLandscapeResources/SelectBrushMaterial_Selected.uasset" 81
"../../../Engine/Content/EditorLandscapeResources/SelectBrushMaterial_SelectedRegion.uasset" 82
"../../../Engine/Content/EditorLandscapeResources/SplineEditorMeshMat.uasset" 83
"../../../Engine/Content/EditorLandscapeResources/SplineEditorMesh.uasset" 84
"../../../Engine/Content/EditorMaterials/Cross.uasset" 85
"../../../Engine/Content/EditorMaterials/Cross_Mat.uasset" 86
"../../../Engine/Content/EditorMaterials/GizmoMaterial.uasset" 87
"../../../Engine/Content/Functions/Engine_MaterialFunctions02/Utility/Sign.uasset" 88
"../../../Engine/Content/Functions/Engine_MaterialFunctions02/Utility/Round.uasset" 89
"../../../Engine/Content/Functions/Engine_MaterialFunctions02/ExampleContent/Textures/flipbook.uasset" 90
"../../../Engine/Content/Functions/Engine_MaterialFunctions02/Texturing/FlipBook.uasset" 91
"../../../Engine/Content/EditorResources/T_EditorHelp.uasset" 92
"../../../Engine/Content/EditorMaterials/HelpActorMaterial.uasset" 93
"../../../Engine/Content/EditorMaterials/CompositeARGBLayer.uasset" 94
"../../../Engine/Content/EditorMaterials/TilingAALineIntegral.uasset" 95
"../../../Engine/Content/EditorMaterials/TilingAALineBoxFiltered.uasset" 96
"../../../Engine/Content/Functions/Engine_MaterialFunctions03/Procedurals/ComputeFilterWidth.uasset" 97
"../../../Engine/Content/EditorMaterials/TilingAADots.uasset" 98
"../../../Engine/Content/EngineMaterials/BlendFunc_DefBase.uasset" 99
"../../../Engine/Content/EngineMaterials/BlendFunc_DefBlend.uasset" 100
"../../../Engine/Content/Functions/Engine_MaterialFunctions03/Blends/Blend_Screen.uasset" 101
"../../../Engine/Content/EditorMaterials/TilingAAGrid.uasset" 102
"../../../Engine/Content/EditorMaterials/LevelGridMaterial.uasset" 103
"../../../Engine/Content/EditorMaterials/MakeCompositeARGBLayer.uasset" 104
"../../../Engine/Content/EditorResources/LevelGrid1DStripes.uasset" 105
"../../../Engine/Content/EditorMaterials/TextureGridCascaded1D.uasset" 106
"../../../Engine/Content/EditorMaterials/TextureGridCascaded2D.uasset" 107
"../../../Engine/Content/EditorMaterials/LevelGridMaterial2.uasset" 108
"../../../Engine/Content/EditorMaterials/MAT_Groups_Toggle.uasset" 109
"../../../Engine/Content/EditorMaterials/MAT_Groups_Visibility.uasset" 110
"../../../Engine/Content/EditorMaterials/AntialiasedGridFloor.uasset" 111
"../../../Engine/Content/EditorResources/TilePatine_D.uasset" 112
"../../../Engine/Content/EditorResources/TilePatine_N.uasset" 113
"../../../Engine/Content/EngineMaterials/Grid.uasset" 114
"../../../Engine/Content/EditorMaterials/PersonaFloorMat.uasset" 115
"../../../Engine/Content/EditorMaterials/PhAT_BoneSelectedMaterial.uasset" 116
"../../../Engine/Content/EditorMaterials/PhAT_ElemSelectedMaterial.uasset" 117
"../../../Engine/Content/EditorMaterials/PhAT_NoCollisionMaterial.uasset" 118
"../../../Engine/Content/EditorMaterials/PhAT_UnselectedMaterial.uasset" 119
"../../../Engine/Content/EditorMaterials/PreviewShadowIndicator.uasset" 120
"../../../Engine/Content/EditorMaterials/PreviewShadowIndicatorMaterial.uasset" 121
"../../../Engine/Content/EditorMaterials/TargetIcon.uasset" 122
"../../../Engine/Content/EditorMaterials/Tick.uasset" 123
"../../../Engine/Content/EditorMaterials/Tick_Mat.uasset" 124
"../../../Engine/Content/EditorMaterials/WidgetGridVertexColorMaterial.uasset" 125
"../../../Engine/Content/EditorMaterials/WidgetGridVertexColorMaterial_Ma.uasset" 126
"../../../Engine/Content/EditorMaterials/WidgetMaterial.uasset" 127
"../../../Engine/Content/EditorMaterials/WidgetMaterial_Current.uasset" 128
"../../../Engine/Content/EditorMaterials/WidgetMaterial_X.uasset" 129
"../../../Engine/Content/EditorMaterials/WidgetMaterial_Y.uasset" 130
"../../../Engine/Content/EditorMaterials/WidgetMaterial_Z.uasset" 131
"../../../Engine/Content/EditorMaterials/WidgetVertexColorMaterial.uasset" 132
"../../../Engine/Content/EditorMaterials/MatineeGroups/MAT_ColorTrack.uasset" 133
"../../../Engine/Content/EditorMaterials/MatineeGroups/MAT_Groups_Anim.uasset" 134
"../../../Engine/Content/EditorMaterials/MatineeGroups/MAT_Groups_AudioMaster.uasset" 135
"../../../Engine/Content/EditorMaterials/MatineeGroups/MAT_Groups_Director.uasset" 136
"../../../Engine/Content/EditorMaterials/MatineeGroups/MAT_Groups_Event.uasset" 137
"../../../Engine/Content/EditorMaterials/MatineeGroups/MAT_Groups_Fade.uasset" 138
"../../../Engine/Content/EditorMaterials/MatineeGroups/MAT_Groups_Float.uasset" 139
"../../../Engine/Content/EditorMaterials/MatineeGroups/MAT_Groups_Move.uasset" 140
"../../../Engine/Content/EditorMaterials/MatineeGroups/MAT_Groups_Slomo.uasset" 141
"../../../Engine/Content/EditorMaterials/MatineeGroups/MAT_Groups_Sound.uasset" 142
"../../../Engine/Content/EditorMaterials/MatineeGroups/MAT_Groups_Vector.uasset" 143
"../../../Engine/Content/EditorMaterials/ParticleSystems/PSysThumbnail_NoImage.uasset" 144
"../../../Engine/Content/EditorMaterials/ParticleSystems/PSysThumbnail_OOD.uasset" 145
"../../../Engine/Content/EditorMaterials/Thumbnails/FloorPlaneMaterial.uasset" 146
"../../../Engine/Content/EditorMeshes/EditorCube.uasset" 147
"../../../Engine/Content/EditorMeshes/EditorCylinder.uasset" 148
"../../../Engine/Content/EditorMeshes/EditorPlane.uasset" 149
"../../../Engine/Content/EditorMaterials/Thumbnails/SkySphereMaterial.uasset" 150
"../../../Engine/Content/EditorMeshes/EditorSkySphere.uasset" 151
"../../../Engine/Content/EditorMeshes/EditorSphere.uasset" 152
"../../../Engine/Content/EditorResources/MatineeCam_D.uasset" 153
"../../../Engine/Content/EditorMaterials/MatineeCam_mat.uasset" 154
"../../../Engine/Content/EditorMeshes/MatineeCam_SM.uasset" 155
"../../../Engine/Content/Functions/Engine_MaterialFunctions01/Shading/ConvertFromDiffSpec.uasset" 156
"../../../Engine/Content/EditorMaterials/GridMaterial.uasset" 157
"../../../Engine/Content/EditorMeshes/PhAT_FloorBox.uasset" 158
"../../../Engine/Content/EditorMaterials/Camera/CineMat.uasset" 159
"../../../Engine/Content/EditorMaterials/Camera/MI_CineMat_CameraBody.uasset" 160
"../../../Engine/Content/EngineDebugMaterials/M_SimpleOpaque.uasset" 161
"../../../Engine/Content/EditorMaterials/Camera/MI_CineMat_CamViewFinder.uasset" 162
"../../../Engine/Content/EditorMeshes/Camera/SM_CineCam.uasset" 163
"../../../Engine/Content/EditorMaterials/Camera/MI_CineMat_Rig.uasset" 164
"../../../Engine/Content/EditorMeshes/Camera/SM_CraneRig_Arm.uasset" 165
"../../../Engine/Content/EditorMeshes/Camera/SM_CraneRig_Base.uasset" 166
"../../../Engine/Content/EditorMeshes/Camera/SM_CraneRig_Body.uasset" 167
"../../../Engine/Content/EditorMeshes/Camera/SM_CraneRig_Mount.uasset" 168
"../../../Engine/Content/EditorMeshes/Camera/SM_RailRig_Mount.uasset" 169
"../../../Engine/Content/EditorMeshes/Camera/SM_RailRig_Track.uasset" 170
"../../../Engine/Content/EditorResources/Bad.uasset" 171
"../../../Engine/Content/EditorResources/BSPVertex.uasset" 172
"../../../Engine/Content/EditorResources/EmptyActor.uasset" 173
"../../../Engine/Content/EditorResources/MatInstActSprite.uasset" 174
"../../../Engine/Content/EditorResources/SceneManager.uasset" 175
"../../../Engine/Content/EditorResources/SmallFont.uasset" 176
"../../../Engine/Content/EditorResources/S_Actor.uasset" 177
"../../../Engine/Content/EditorResources/S_DecalActorIcon.uasset" 178
"../../../Engine/Content/EditorResources/S_Emitter.uasset" 179
"../../../Engine/Content/EditorResources/S_ExpoHeightFog.uasset" 180
"../../../Engine/Content/EditorResources/S_FTest.uasset" 181
"../../../Engine/Content/EditorResources/S_KBSJoint.uasset" 182
"../../../Engine/Content/EditorResources/S_KHinge.uasset" 183
"../../../Engine/Content/EditorResources/S_KPrismatic.uasset" 184
"../../../Engine/Content/EditorResources/S_LevelSequence.uasset" 185
"../../../Engine/Content/EditorResources/S_NavP.uasset" 186
"../../../Engine/Content/EditorResources/S_Note.uasset" 187
"../../../Engine/Content/EditorResources/S_Player.uasset" 188
"../../../Engine/Content/EditorResources/S_PortalActorIcon2.uasset" 189
"../../../Engine/Content/EditorResources/S_RadForce.uasset" 190
"../../../Engine/Content/EditorResources/S_ReflActorIcon.uasset" 191
"../../../Engine/Content/EditorResources/S_Terrain.uasset" 192
"../../../Engine/Content/EditorResources/S_TextRenderActorIcon.uasset" 193
"../../../Engine/Content/EditorResources/S_Thruster.uasset" 194
"../../../Engine/Content/EditorResources/S_Trigger.uasset" 195
"../../../Engine/Content/EditorResources/S_VectorFieldVol.uasset" 196
"../../../Engine/Content/EditorResources/S_WindDirectional.uasset" 197
"../../../Engine/Content/EditorResources/AI/S_NavLink.uasset" 198
"../../../Engine/Content/EditorResources/AudioIcons/S_AudioComponent.uasset" 199
"../../../Engine/Content/EditorResources/AudioIcons/S_AudioComponent_AutoActivate.uasset" 200
"../../../Engine/Content/EditorResources/LightIcons/SkyLight.uasset" 201
"../../../Engine/Content/EditorResources/LightIcons/S_LightDirectional.uasset" 202
"../../../Engine/Content/EditorResources/LightIcons/S_LightDirectionalMove.uasset" 203
"../../../Engine/Content/EditorResources/LightIcons/S_LightError.uasset" 204
"../../../Engine/Content/EditorResources/LightIcons/S_LightPoint.uasset" 205
"../../../Engine/Content/EditorResources/LightIcons/S_LightPointMove.uasset" 206
"../../../Engine/Content/EditorResources/LightIcons/S_LightSpot.uasset" 207
"../../../Engine/Content/EditorResources/LightIcons/S_LightSpotMove.uasset" 208
"../../../Engine/Content/EditorResources/SequenceRecorder/Countdown.uasset" 209
"../../../Engine/Content/EditorResources/SequenceRecorder/RecordingIndicator.uasset" 210
"../../../Engine/Content/EditorResources/Spline/T_Loft_Spline.uasset" 211
"../../../Engine/Content/EditorSounds/Notifications/CompileFailed.uasset" 212
"../../../Engine/Content/EditorSounds/Notifications/CompileFailed_Cue.uasset" 213
"../../../Engine/Content/EditorSounds/Notifications/CompileSuccess.uasset" 214
"../../../Engine/Content/EditorSounds/Notifications/CompileStart_Cue.uasset" 215
"../../../Engine/Content/EditorSounds/Notifications/CompileSuccess_Cue.uasset" 216
"../../../Engine/Content/EngineDamageTypes/DmgTypeBP_Environmental.uasset" 217
"../../../Engine/Content/EngineDebugMaterials/HeatmapGradient.uasset" 218
"../../../Engine/Content/EngineDebugMaterials/BoneWeightMaterial.uasset" 219
"../../../Engine/Content/EngineDebugMaterials/ClothMaterial.uasset" 220
"../../../Engine/Content/EngineDebugMaterials/ClothMaterial_WF.uasset" 221
"../../../Engine/Content/EngineDebugMaterials/DebugEditorMaterial.uasset" 222
"../../../Engine/Content/EngineDebugMaterials/DebugMeshMaterial.uasset" 223
"../../../Engine/Content/EngineDebugMaterials/GeomMaterial.uasset" 224
"../../../Engine/Content/EngineDebugMaterials/LevelColorationLitMaterial.uasset" 225
"../../../Engine/Content/EngineDebugMaterials/LevelColorationUnlitMaterial.uasset" 226
"../../../Engine/Content/EngineMaterials/DefaultWhiteGrid.uasset" 227
"../../../Engine/Content/EngineDebugMaterials/MAT_LevelColorationLitLightmapUV.uasset" 228
"../../../Engine/Content/EngineDebugMaterials/M_SimpleTranslucent.uasset" 229
"../../../Engine/Content/EngineDebugMaterials/ShadedLevelColorationLitMaterial.uasset" 230
"../../../Engine/Content/EngineDebugMaterials/ShadedLevelColorationUnlitMateri.uasset" 231
"../../../Engine/Content/EngineDebugMaterials/VertexColorMaterial.uasset" 232
"../../../Engine/Content/EngineDebugMaterials/VertexColorViewMode_AlphaAsColor.uasset" 233
"../../../Engine/Content/EngineDebugMaterials/VertexColorViewMode_BlueOnly.uasset" 234
"../../../Engine/Content/EngineDebugMaterials/VertexColorViewMode_ColorOnly.uasset" 235
"../../../Engine/Content/EngineDebugMaterials/VertexColorViewMode_GreenOnly.uasset" 236
"../../../Engine/Content/EngineDebugMaterials/VertexColorViewMode_RedOnly.uasset" 237
"../../../Engine/Content/EngineDebugMaterials/WireframeMaterial.uasset" 238
"../../../Engine/Content/EngineFonts/Faces/RobotoBold.uasset" 239
"../../../Engine/Content/EngineFonts/Faces/RobotoBoldItalic.uasset" 240
"../../../Engine/Content/EngineFonts/Faces/RobotoItalic.uasset" 241
"../../../Engine/Content/EngineFonts/Faces/RobotoLight.uasset" 242
"../../../Engine/Content/EngineFonts/Faces/RobotoRegular.uasset" 243
"../../../Engine/Content/EngineFonts/Roboto.uasset" 244
"../../../Engine/Content/EngineFonts/Faces/RobotoTiny.uasset" 245
"../../../Engine/Content/EngineFonts/RobotoTiny.uasset" 246
"../../../Engine/Content/EngineFonts/SmallFont.uasset" 247
"../../../Engine/Content/EngineFonts/TinyFont.uasset" 248
"../../../Engine/Content/EngineFonts/RobotoDistanceField.uasset" 249
"../../../Engine/Content/EngineMaterials/AntiAliasedTextMaterialTranslucent.uasset" 250
"../../../Engine/Content/EngineMaterials/BaseFlattenDiffuseMap.uasset" 251
"../../../Engine/Content/EngineMaterials/BaseFlattenEmissiveMap.uasset" 252
"../../../Engine/Content/EngineMaterials/BaseFlattenGrayscaleMap.uasset" 253
"../../../Engine/Content/EngineMaterials/BaseFlattenNormalMap.uasset" 254
"../../../Engine/Content/EngineMaterials/BaseFlattenMaterial.uasset" 255
"../../../Engine/Content/EngineResources/WhiteSquareTexture.uasset" 256
"../../../Engine/Content/EngineMaterials/BlinkingCaret.uasset" 257
"../../../Engine/Content/EngineMaterials/DefaultBloomKernel.uasset" 258
"../../../Engine/Content/EngineMaterials/DefaultBokeh.uasset" 259
"../../../Engine/Content/EngineMaterials/DefaultDeferredDecalMaterial.uasset" 260
"../../../Engine/Content/EngineMaterials/DefaultLightFunctionMaterial.uasset" 261
"../../../Engine/Content/EngineMaterials/DefaultNormal.uasset" 262
"../../../Engine/Content/EngineMaterials/DefaultPostProcessMaterial.uasset" 263
"../../../Engine/Content/EngineMaterials/DefaultTextMaterialOpaque.uasset" 264
"../../../Engine/Content/EngineMaterials/EditorBrushMaterial.uasset" 265
"../../../Engine/Content/EngineMaterials/Good64x64TilingNoiseHighFreq.uasset" 266
"../../../Engine/Content/EngineMaterials/Grid_N.uasset" 267
"../../../Engine/Content/EngineMaterials/HighResolutionScreenshotMaskFunction.uasset" 268
"../../../Engine/Content/EngineMaterials/HighResScreenshot.uasset" 269
"../../../Engine/Content/EngineMaterials/HighResScreenshotCaptureRegion.uasset" 270
"../../../Engine/Content/EngineMaterials/HighResScreenshotMask.uasset" 271
"../../../Engine/Content/EngineMaterials/LandscapeHolePhysicalMaterial.uasset" 272
"../../../Engine/Content/EngineMaterials/InvalidLightmapSettings.uasset" 273
"../../../Engine/Content/EngineMaterials/M_InvalidLightmapSettings.uasset" 274
"../../../Engine/Content/EngineMaterials/PaperDiffuse.uasset" 275
"../../../Engine/Content/EngineMaterials/PaperNormal.uasset" 276
"../../../Engine/Content/Functions/Engine_MaterialFunctions02/WorldPositionOffset/CameraOffset.uasset" 277
"../../../Engine/Content/EngineMaterials/PhAT_JointLimitMaterial.uasset" 278
"../../../Engine/Content/EngineMaterials/PhysMat_Rubber.uasset" 279
"../../../Engine/Content/EngineMaterials/PreintegratedSkinBRDF.uasset" 280
"../../../Engine/Content/EngineMaterials/RemoveSurfaceMaterial.uasset" 281
"../../../Engine/Content/EngineMaterials/WeightMapPlaceholderTexture.uasset" 282
"../../../Engine/Content/EngineMaterials/Widget3DPassThrough.uasset" 283
"../../../Engine/Content/EngineMaterials/Widget3DPassThrough_Masked.uasset" 284
"../../../Engine/Content/EngineMaterials/Widget3DPassThrough_Opaque.uasset" 285
"../../../Engine/Content/EngineMaterials/Widget3DPassThrough_Masked_OneSided.uasset" 286
"../../../Engine/Content/EngineMaterials/Widget3DPassThrough_Opaque_OneSided.uasset" 287
"../../../Engine/Content/EngineMaterials/Widget3DPassThrough_Translucent.uasset" 288
"../../../Engine/Content/EngineMaterials/Widget3DPassThrough_Translucent_OneSided.uasset" 289
"../../../Engine/Content/EngineMeshes/Cube.uasset" 290
"../../../Engine/Content/EngineMeshes/Cylinder.uasset" 291
"../../../Engine/Content/EngineMeshes/Sphere.uasset" 292
"../../../Engine/Content/EngineResources/Black.uasset" 293
"../../../Engine/Content/EngineResources/DefaultTexture.uasset" 294
"../../../Engine/Content/EngineResources/DefaultTextureCube.uasset" 295
"../../../Engine/Content/EngineResources/DefaultVolumeTexture2D.uasset" 296
"../../../Engine/Content/EngineResources/DefaultVolumeTexture.uasset" 297
"../../../Engine/Content/EngineResources/GradientTexture0.uasset" 298
"../../../Engine/Content/EngineResources/StreamingPauseIcon.uasset" 299
"../../../Engine/Content/EngineResources/M_StreamingPause.uasset" 300
"../../../Engine/Content/EngineSounds/Master.uasset" 301
"../../../Engine/Content/Functions/Engine_MaterialFunctions01/Shading/PowerToRoughness.uasset" 302
"../../../Engine/Content/Maps/Templates/Thumbnails/Default.uasset" 303
"../../../Engine/Content/Maps/Templates/Thumbnails/VR-Basic.uasset" 304
"../../../Engine/Content/MobileResources/T_MobileControls_texture.uasset" 305
"../../../Engine/Content/MobileResources/T_MobileMenu2.uasset" 306
"../../../Engine/Content/MobileResources/HUD/AnalogHat.uasset" 307
"../../../Engine/Content/MobileResources/HUD/VirtualJoystick_Background.uasset" 308
"../../../Engine/Content/MobileResources/HUD/VirtualJoystick_Thumb.uasset" 309
"../../../Engine/Content/MobileResources/HUD/DefaultVirtualJoysticks.uasset" 310
"../../../Engine/Content/MobileResources/HUD/LeftVirtualJoystickOnly.uasset" 311
"../../../Engine/Content/MobileResources/HUD/MobileHUDButton1_off.uasset" 312
"../../../Engine/Content/MobileResources/HUD/MobileHUDButton1_on.uasset" 313
"../../../Engine/Content/MobileResources/HUD/MobileHUDButton2_off.uasset" 314
"../../../Engine/Content/MobileResources/HUD/MobileHUDButton2_on.uasset" 315
"../../../Engine/Content/MobileResources/HUD/MobileHUDButton3.uasset" 316
"../../../Engine/Content/MobileResources/HUD/MobileHUDButtonFire.uasset" 317
"../../../Engine/Content/MobileResources/HUD/MobileHUDDirectionPad.uasset" 318
"../../../Engine/Content/MobileResources/HUD/MobileHUDDirectionPad2.uasset" 319
"../../../Engine/Content/MobileResources/HUD/MobileHUDDirectionPad3.uasset" 320
"../../../Engine/Content/MobileResources/HUD/MobileHUDDirectionStick.uasset" 321
"../../../Engine/Content/MobileResources/HUD/T_Castle_ThumbstickInner.uasset" 322
"../../../Engine/Content/MobileResources/HUD/T_Castle_ThumbstickOutter.uasset" 323
"../../../Engine/Content/Tutorial/ContentIntroCurve.uasset" 324
"../../../Engine/Content/Tutorial/Basics/TutorialAssets/CameraActor_64x.uasset" 325
"../../../Engine/Content/Tutorial/Basics/TutorialAssets/icon_tab_Levels_40x.uasset" 326
"../../../Engine/Content/Tutorial/BlueprintTutorials/TutorialAssets/BlueprintInterface_64x.uasset" 327
"../../../Engine/Content/Tutorial/BlueprintTutorials/TutorialAssets/BlueprintMacroLibrary_64x.uasset" 328
"../../../Engine/Content/Tutorial/BlueprintTutorials/TutorialAssets/Blueprint_64x.uasset" 329
"../../../Engine/Content/EditorBlueprintResources/ActorMacros.uasset" 330
"../../../Engine/Content/Tutorial/BlueprintTutorials/TutorialAssets/Tutorial_BP_Class.uasset" 331
"../../../Engine/Content/Tutorial/BlueprintTutorials/TutorialAssets/Tutorial_BP_Interface.uasset" 332
"../../../Engine/Content/Tutorial/Foliage/TutorialAssets/Foliage.uasset" 333
"../../../Engine/Content/Tutorial/Landscape/TutorialAssets/Landscape.uasset" 334
"../../../Engine/Content/Tutorial/Mobile/TutorialAssets/android_Icon.uasset" 335
"../../../Engine/Content/Tutorial/Mobile/TutorialAssets/IOS.uasset" 336
"../../../Engine/Content/Tutorial/Paper2D/TutorialAssets/Paper2DFlipbook_TutorialIcon.uasset" 337
"../../../Engine/Content/Tutorial/Paper2D/TutorialAssets/Paper2DSprite_TutorialIcon.uasset" 338
"../../../Engine/Content/Tutorial/SubEditors/TutorialAssets/icon_Editor_Preferences_General_40x.uasset" 339
"../../../Engine/Content/Tutorial/SubEditors/TutorialAssets/icon_ShowSkeletalMeshes_40x.uasset" 340
"../../../Engine/Content/Tutorial/SubEditors/TutorialAssets/TutorialMaterial.uasset" 341
"../../../Engine/Content/Tutorial/SubEditors/TutorialAssets/T_SmokeSubUV_8X8.uasset" 342
"../../../Engine/Content/Tutorial/SubEditors/TutorialAssets/T_soft_smoke.uasset" 343
"../../../Engine/Content/Tutorial/SubEditors/TutorialAssets/M_smoke_subUV_blackbody.uasset" 344
"../../../Engine/Content/Tutorial/SubEditors/TutorialAssets/TutorialParticleSystem.uasset" 345
"../../../Engine/Content/VREditor/LaserPointer/VR_LaserPower_01.uasset" 346
"../../../Engine/Content/VREditor/TransformGizmo/TransformGizmoMaterial.uasset" 347
"../../../Engine/Content/VREditor/TransformGizmo/TranslucentTransformGizmoMaterial.uasset" 348
"../../../Engine/Content/VREditor/TransformGizmo/BoundingBoxCorner.uasset" 349
"../../../Engine/Content/VREditor/TransformGizmo/BoundingBoxEdge.uasset" 350
"../../../Engine/Content/VREditor/TransformGizmo/PlaneTranslationHandle.uasset" 351
"../../../Engine/Content/VREditor/TransformGizmo/Main.uasset" 352
"../../../Engine/Content/VREditor/TransformGizmo/Xray.uasset" 353
"../../../Engine/Content/VREditor/TransformGizmo/SM_Sequencer_Key.uasset" 354
"../../../Engine/Content/VREditor/TransformGizmo/SM_Sequencer_Node.uasset" 355
"../../../../../Unreal Projects/SPPGame/Content/StarterContent/Materials/M_Basic_Floor.uasset" 356
"../../../../../Unreal Projects/SPPGame/Content/StarterContent/Architecture/Floor_400x400.uasset" 357
"../../../../../Unreal Projects/SPPGame/Content/StarterContent/Materials/M_Basic_Wall.uasset" 358
"../../../../../Unreal Projects/SPPGame/Content/StarterContent/Architecture/Wall_400x200.uasset" 359
"../../../../../Unreal Projects/SPPGame/Content/StarterContent/Architecture/Wall_Door_400x300.uasset" 360
"../../../../../Unreal Projects/SPPGame/Content/StarterContent/Architecture/Wall_Window_400x300.uasset" 361
"../../../../../Unreal Projects/SPPGame/Content/StarterContent/Audio/Collapse01.uasset" 362
"../../../../../Unreal Projects/SPPGame/Content/StarterContent/Audio/Collapse02.uasset" 363
"../../../../../Unreal Projects/SPPGame/Content/StarterContent/Audio/Collapse_Cue.uasset" 364
"../../../../../Unreal Projects/SPPGame/Content/StarterContent/Audio/Explosion01.uasset" 365
"../../../../../Unreal Projects/SPPGame/Content/StarterContent/Audio/Explosion02.uasset" 366
"../../../../../Unreal Projects/SPPGame/Content/StarterContent/Audio/Explosion_Cue.uasset" 367
"../../../../../Unreal Projects/SPPGame/Content/StarterContent/Audio/Fire01.uasset" 368
"../../../../../Unreal Projects/SPPGame/Content/StarterContent/Audio/Fire_Sparks01.uasset" 369
"../../../../../Unreal Projects/SPPGame/Content/StarterContent/Audio/Smoke01.uasset" 370
"../../../../../Unreal Projects/SPPGame/Content/StarterContent/Audio/Starter_Background_Cue.uasset" 371
"../../../../../Unreal Projects/SPPGame/Content/StarterContent/Audio/Starter_Birds01.uasset" 372
"../../../../../Unreal Projects/SPPGame/Content/StarterContent/Audio/Starter_Music01.uasset" 373
"../../../../../Unreal Projects/SPPGame/Content/StarterContent/Audio/Starter_Music_Cue.uasset" 374
"../../../../../Unreal Projects/SPPGame/Content/StarterContent/Audio/Starter_Wind05.uasset" 375
"../../../../../Unreal Projects/SPPGame/Content/StarterContent/Audio/Starter_Wind06.uasset" 376
"../../../../../Unreal Projects/SPPGame/Content/StarterContent/Audio/Steam01.uasset" 377
"../../../../../Unreal Projects/SPPGame/Content/StarterContent/Textures/T_Lamp_M.uasset" 378
"../../../../../Unreal Projects/SPPGame/Content/StarterContent/Textures/T_Lamp_N.uasset" 379
"../../../../../Unreal Projects/SPPGame/Content/StarterContent/Props/Materials/M_Lamp.uasset" 380
"../../../../../Unreal Projects/SPPGame/Content/StarterContent/Props/SM_Lamp_Ceiling.uasset" 381
"../../../../../Unreal Projects/SPPGame/Content/StarterContent/Blueprints/Blueprint_CeilingLight.uasset" 382
"../../../../../Unreal Projects/SPPGame/Content/StarterContent/Audio/Fire01_Cue.uasset" 383
"../../../../../Unreal Projects/SPPGame/Content/StarterContent/Textures/T_Fire_SubUV.uasset" 384
"../../../../../Unreal Projects/SPPGame/Content/StarterContent/Textures/T_Fire_Tiled_D.uasset" 385
"../../../../../Unreal Projects/SPPGame/Content/StarterContent/Particles/Materials/M_Fire_SubUV.uasset" 386
"../../../../../Unreal Projects/SPPGame/Content/StarterContent/Textures/T_Water_N.uasset" 387
"../../../../../Unreal Projects/SPPGame/Content/StarterContent/Particles/Materials/M_Heat_Distortion.uasset" 388
"../../../../../Unreal Projects/SPPGame/Content/StarterContent/Particles/Materials/M_Radial_Gradient.uasset" 389
"../../../../../Unreal Projects/SPPGame/Content/StarterContent/Textures/T_Smoke_SubUV.uasset" 390
"../../../../../Unreal Projects/SPPGame/Content/StarterContent/Textures/T_Smoke_Tiled_D.uasset" 391
"../../../../../Unreal Projects/SPPGame/Content/StarterContent/Particles/Materials/M_smoke_subUV.uasset" 392
"../../../../../Unreal Projects/SPPGame/Content/StarterContent/Particles/P_Fire.uasset" 393
"../../../../../Unreal Projects/SPPGame/Content/StarterContent/Blueprints/Blueprint_Effect_Fire.uasset" 394
"../../../../../Unreal Projects/SPPGame/Content/StarterContent/Audio/Smoke01_Cue.uasset" 395
"../../../../../Unreal Projects/SPPGame/Content/StarterContent/Particles/P_Smoke.uasset" 396
"../../../../../Unreal Projects/SPPGame/Content/StarterContent/Blueprints/Blueprint_Effect_Smoke.uasset" 397
"../../../../../Unreal Projects/SPPGame/Content/StarterContent/Audio/Fire_Sparks01_Cue.uasset" 398
"../../../../../Unreal Projects/SPPGame/Content/StarterContent/Textures/T_Spark_Core.uasset" 399
"../../../../../Unreal Projects/SPPGame/Content/StarterContent/Particles/Materials/M_Spark.uasset" 400
"../../../../../Unreal Projects/SPPGame/Content/StarterContent/Particles/P_Sparks.uasset" 401
"../../../../../Unreal Projects/SPPGame/Content/StarterContent/Blueprints/Blueprint_Effect_Sparks.uasset" 402
"../../../../../Unreal Projects/SPPGame/Content/StarterContent/Audio/Steam01_Cue.uasset" 403
"../../../../../Unreal Projects/SPPGame/Content/StarterContent/Particles/P_Steam_Lit.uasset" 404
"../../../../../Unreal Projects/SPPGame/Content/StarterContent/Blueprints/Blueprint_Effect_Steam.uasset" 405
"../../../../../Unreal Projects/SPPGame/Content/StarterContent/Props/SM_Lamp_Wall.uasset" 406
"../../../../../Unreal Projects/SPPGame/Content/StarterContent/Blueprints/Blueprint_WallSconce.uasset" 407
"../../../../../Unreal Projects/SPPGame/Content/StarterContent/Textures/T_Brick_Clay_Beveled_D.uasset" 408
"../../../../../Unreal Projects/SPPGame/Content/StarterContent/Textures/T_Brick_Clay_Beveled_M.uasset" 409
"../../../../../Unreal Projects/SPPGame/Content/StarterContent/Textures/T_Brick_Clay_Beveled_N.uasset" 410
"../../../../../Unreal Projects/SPPGame/Content/StarterContent/Textures/T_MacroVariation.uasset" 411
"../../../../../Unreal Projects/SPPGame/Content/StarterContent/Materials/M_Brick_Clay_Beveled.uasset" 412
"../../../../../Unreal Projects/SPPGame/Content/StarterContent/Textures/T_Brick_Clay_New_D.uasset" 413
"../../../../../Unreal Projects/SPPGame/Content/StarterContent/Textures/T_Brick_Clay_New_M.uasset" 414
"../../../../../Unreal Projects/SPPGame/Content/StarterContent/Textures/T_Brick_Clay_New_N.uasset" 415
"../../../../../Unreal Projects/SPPGame/Content/StarterContent/Textures/T_Detail_Rocky_N.uasset" 416
"../../../../../Unreal Projects/SPPGame/Content/StarterContent/Materials/M_Brick_Clay_New.uasset" 417
"../../../../../Unreal Projects/SPPGame/Content/StarterContent/Textures/T_Brick_Clay_Old_D.uasset" 418
"../../../../../Unreal Projects/SPPGame/Content/StarterContent/Textures/T_Brick_Clay_Old_N.uasset" 419
"../../../../../Unreal Projects/SPPGame/Content/StarterContent/Textures/T_Perlin_Noise_M.uasset" 420
"../../../../../Unreal Projects/SPPGame/Content/StarterContent/Materials/M_Brick_Clay_Old.uasset" 421
"../../../../../Unreal Projects/SPPGame/Content/StarterContent/Textures/T_Brick_Cut_Stone_D.uasset" 422
"../../../../../Unreal Projects/SPPGame/Content/StarterContent/Textures/T_Brick_Cut_Stone_N.uasset" 423
"../../../../../Unreal Projects/SPPGame/Content/StarterContent/Materials/M_Brick_Cut_Stone.uasset" 424
"../../../../../Unreal Projects/SPPGame/Content/StarterContent/Textures/T_Brick_Hewn_Stone_D.uasset" 425
"../../../../../Unreal Projects/SPPGame/Content/StarterContent/Textures/T_Brick_Hewn_Stone_M.uasset" 426
"../../../../../Unreal Projects/SPPGame/Content/StarterContent/Textures/T_Brick_Hewn_Stone_N.uasset" 427
"../../../../../Unreal Projects/SPPGame/Content/StarterContent/Materials/M_Brick_Hewn_Stone.uasset" 428
"../../../../../Unreal Projects/SPPGame/Content/StarterContent/Textures/T_Ceramic_Tile_M.uasset" 429
"../../../../../Unreal Projects/SPPGame/Content/StarterContent/Textures/T_Ceramic_Tile_N.uasset" 430
"../../../../../Unreal Projects/SPPGame/Content/StarterContent/Textures/T_Rock_Marble_Polished_D.uasset" 431
"../../../../../Unreal Projects/SPPGame/Content/StarterContent/Materials/M_Ceramic_Tile_Checker.uasset" 432
"../../../../../Unreal Projects/SPPGame/Content/StarterContent/Textures/T_CobbleStone_Pebble_D.uasset" 433
"../../../../../Unreal Projects/SPPGame/Content/StarterContent/Textures/T_CobbleStone_Pebble_M.uasset" 434
"../../../../../Unreal Projects/SPPGame/Content/StarterContent/Textures/T_CobbleStone_Pebble_N.uasset" 435
"../../../../../Unreal Projects/SPPGame/Content/StarterContent/Materials/M_CobbleStone_Pebble.uasset" 436
"../../../../../Unreal Projects/SPPGame/Content/StarterContent/Textures/T_CobbleStone_Rough_D.uasset" 437
"../../../../../Unreal Projects/SPPGame/Content/StarterContent/Textures/T_CobbleStone_Rough_N.uasset" 438
"../../../../../Unreal Projects/SPPGame/Content/StarterContent/Textures/T_Gradinet_01.uasset" 439
"../../../../../Unreal Projects/SPPGame/Content/StarterContent/Textures/T_Rock_Smooth_Granite_D.uasset" 440
"../../../../../Unreal Projects/SPPGame/Content/StarterContent/Materials/M_CobbleStone_Rough.uasset" 441
"../../../../../Unreal Projects/SPPGame/Content/StarterContent/Textures/T_CobbleStone_Smooth_D.uasset" 442
"../../../../../Unreal Projects/SPPGame/Content/StarterContent/Textures/T_CobbleStone_Smooth_M.uasset" 443
"../../../../../Unreal Projects/SPPGame/Content/StarterContent/Textures/T_CobbleStone_Smooth_N.uasset" 444
"../../../../../Unreal Projects/SPPGame/Content/StarterContent/Materials/M_CobbleStone_Smooth.uasset" 445
"../../../../../Unreal Projects/SPPGame/Content/StarterContent/Textures/T_Concrete_Grime_D.uasset" 446
"../../../../../Unreal Projects/SPPGame/Content/StarterContent/Textures/T_Metal_Rust_N.uasset" 447
"../../../../../Unreal Projects/SPPGame/Content/StarterContent/Materials/M_Concrete_Grime.uasset" 448
"../../../../../Unreal Projects/SPPGame/Content/StarterContent/Textures/T_Concrete_Panels_D.uasset" 449
"../../../../../Unreal Projects/SPPGame/Content/StarterContent/Textures/T_Concrete_Panels_N.uasset" 450
"../../../../../Unreal Projects/SPPGame/Content/StarterContent/Materials/M_Concrete_Panels.uasset" 451
"../../../../../Unreal Projects/SPPGame/Content/StarterContent/Textures/T_Concrete_Poured_D.uasset" 452
"../../../../../Unreal Projects/SPPGame/Content/StarterContent/Textures/T_Concrete_Poured_N.uasset" 453
"../../../../../Unreal Projects/SPPGame/Content/StarterContent/Materials/M_Concrete_Poured.uasset" 454
"../../../../../Unreal Projects/SPPGame/Content/StarterContent/Textures/T_Concrete_Tiles_D.uasset" 455
"../../../../../Unreal Projects/SPPGame/Content/StarterContent/Textures/T_Concrete_Tiles_M.uasset" 456
"../../../../../Unreal Projects/SPPGame/Content/StarterContent/Textures/T_Concrete_Tiles_N.uasset" 457
"../../../../../Unreal Projects/SPPGame/Content/StarterContent/Textures/T_Concrete_Tiles_Variation_M.uasset" 458
"../../../../../Unreal Projects/SPPGame/Content/StarterContent/Materials/M_Concrete_Tiles.uasset" 459
"../../../../../Unreal Projects/SPPGame/Content/StarterContent/Textures/T_Ground_Gravel_D.uasset" 460
"../../../../../Unreal Projects/SPPGame/Content/StarterContent/Textures/T_Ground_Gravel_N.uasset" 461
"../../../../../Unreal Projects/SPPGame/Content/StarterContent/Materials/M_Ground_Gravel.uasset" 462
"../../../../../Unreal Projects/SPPGame/Content/StarterContent/Textures/T_ground_Moss_D.uasset" 463
"../../../../../Unreal Projects/SPPGame/Content/StarterContent/Textures/T_Ground_Moss_N.uasset" 464
"../../../../../Unreal Projects/SPPGame/Content/StarterContent/Materials/M_Ground_Moss.uasset" 465
"../../../../../Unreal Projects/SPPGame/Content/StarterContent/Materials/M_Metal_Brushed_Nickel.uasset" 466
"../../../../../Unreal Projects/SPPGame/Content/StarterContent/Textures/T_Metal_Aluminum_D.uasset" 467
"../../../../../Unreal Projects/SPPGame/Content/StarterContent/Textures/T_Metal_Gold_N.uasset" 468
"../../../../../Unreal Projects/SPPGame/Content/StarterContent/Materials/M_Metal_Burnished_Steel.uasset" 469
"../../../../../Unreal Projects/SPPGame/Content/StarterContent/Materials/M_Metal_Chrome.uasset" 470
"../../../../../Unreal Projects/SPPGame/Content/StarterContent/Textures/T_Metal_Copper_D.uasset" 471
"../../../../../Unreal Projects/SPPGame/Content/StarterContent/Materials/M_Metal_Copper.uasset" 472
"../../../../../Unreal Projects/SPPGame/Content/StarterContent/Textures/T_Metal_Gold_D.uasset" 473
"../../../../../Unreal Projects/SPPGame/Content/StarterContent/Materials/M_Metal_Gold.uasset" 474
"../../../Engine/Content/Functions/Engine_MaterialFunctions02/Utility/BlendAngleCorrectedNormals.uasset" 475
"../../../../../Unreal Projects/SPPGame/Content/StarterContent/Textures/T_Metal_Rust_D.uasset" 476
"../../../../../Unreal Projects/SPPGame/Content/StarterContent/Materials/M_Metal_Rust.uasset" 477
"../../../../../Unreal Projects/SPPGame/Content/StarterContent/Textures/T_Metal_Steel_D.uasset" 478
"../../../../../Unreal Projects/SPPGame/Content/StarterContent/Textures/T_Metal_Steel_N.uasset" 479
"../../../../../Unreal Projects/SPPGame/Content/StarterContent/Materials/M_Metal_Steel.uasset" 480
"../../../../../Unreal Projects/SPPGame/Content/StarterContent/Textures/T_Rock_Basalt_D.uasset" 481
"../../../../../Unreal Projects/SPPGame/Content/StarterContent/Textures/T_Rock_Basalt_N.uasset" 482
"../../../../../Unreal Projects/SPPGame/Content/StarterContent/Materials/M_Rock_Basalt.uasset" 483
"../../../../../Unreal Projects/SPPGame/Content/StarterContent/Materials/M_Rock_Marble_Polished.uasset" 484
"../../../../../Unreal Projects/SPPGame/Content/StarterContent/Textures/T_Rock_Sandstone_D.uasset" 485
"../../../../../Unreal Projects/SPPGame/Content/StarterContent/Textures/T_Rock_Sandstone_N.uasset" 486
"../../../../../Unreal Projects/SPPGame/Content/StarterContent/Materials/M_Rock_Sandstone.uasset" 487
"../../../../../Unreal Projects/SPPGame/Content/StarterContent/Textures/T_Rock_Slate_D.uasset" 488
"../../../../../Unreal Projects/SPPGame/Content/StarterContent/Textures/T_Rock_Slate_N.uasset" 489
"../../../../../Unreal Projects/SPPGame/Content/StarterContent/Materials/M_Rock_Slate.uasset" 490
"../../../../../Unreal Projects/SPPGame/Content/StarterContent/Textures/T_Checker_Noise_M.uasset" 491
"../../../../../Unreal Projects/SPPGame/Content/StarterContent/Textures/T_Single_Tile_N.uasset" 492
"../../../../../Unreal Projects/SPPGame/Content/StarterContent/Textures/T_Tech_Dot_M.uasset" 493
"../../../../../Unreal Projects/SPPGame/Content/StarterContent/Textures/T_Tech_Dot_N.uasset" 494
"../../../../../Unreal Projects/SPPGame/Content/StarterContent/Materials/M_Tech_Checker_Dot.uasset" 495
"../../../../../Unreal Projects/SPPGame/Content/StarterContent/Textures/T_Tech_Hex_Tile_M.uasset" 496
"../../../../../Unreal Projects/SPPGame/Content/StarterContent/Textures/T_Tech_Hex_Tile_N.uasset" 497
"../../../../../Unreal Projects/SPPGame/Content/StarterContent/Materials/M_Tech_Hex_Tile.uasset" 498
"../../../../../Unreal Projects/SPPGame/Content/StarterContent/Materials/M_Tech_Hex_Tile_Pulse.uasset" 499
"../../../../../Unreal Projects/SPPGame/Content/StarterContent/Textures/T_Tech_Panel_M.uasset" 500
"../../../../../Unreal Projects/SPPGame/Content/StarterContent/Textures/T_Tech_Panel_N.uasset" 501
"../../../../../Unreal Projects/SPPGame/Content/StarterContent/Materials/M_Tech_Panel.uasset" 502
"../../../../../Unreal Projects/SPPGame/Content/StarterContent/Materials/M_Water_Lake.uasset" 503
"../../../../../Unreal Projects/SPPGame/Content/StarterContent/Textures/T_Water_M.uasset" 504
"../../../../../Unreal Projects/SPPGame/Content/StarterContent/Materials/M_Water_Ocean.uasset" 505
"../../../../../Unreal Projects/SPPGame/Content/StarterContent/Textures/T_Wood_Floor_Walnut_D.uasset" 506
"../../../../../Unreal Projects/SPPGame/Content/StarterContent/Textures/T_Wood_Floor_Walnut_M.uasset" 507
"../../../../../Unreal Projects/SPPGame/Content/StarterContent/Textures/T_Wood_Floor_Walnut_N.uasset" 508
"../../../../../Unreal Projects/SPPGame/Content/StarterContent/Materials/M_Wood_Floor_Walnut_Polished.uasset" 509
"../../../Engine/Content/Functions/Engine_MaterialFunctions01/Opacity/AlphaOffset.uasset" 510
"../../../../../Unreal Projects/SPPGame/Content/StarterContent/Materials/M_Wood_Floor_Walnut_Worn.uasset" 511
"../../../../../Unreal Projects/SPPGame/Content/StarterContent/Textures/T_Wood_Oak_D.uasset" 512
"../../../../../Unreal Projects/SPPGame/Content/StarterContent/Textures/T_Wood_Oak_N.uasset" 513
"../../../../../Unreal Projects/SPPGame/Content/StarterContent/Materials/M_Wood_Oak.uasset" 514
"../../../../../Unreal Projects/SPPGame/Content/StarterContent/Textures/T_Wood_Pine_D.uasset" 515
"../../../../../Unreal Projects/SPPGame/Content/StarterContent/Textures/T_Wood_Pine_N.uasset" 516
"../../../../../Unreal Projects/SPPGame/Content/StarterContent/Materials/M_Wood_Pine.uasset" 517
"../../../../../Unreal Projects/SPPGame/Content/StarterContent/Textures/T_Wood_Walnut_D.uasset" 518
"../../../../../Unreal Projects/SPPGame/Content/StarterContent/Textures/T_Wood_Walnut_N.uasset" 519
"../../../../../Unreal Projects/SPPGame/Content/StarterContent/Materials/M_Wood_Walnut.uasset" 520
"../../../../../Unreal Projects/SPPGame/Content/StarterContent/Textures/T_Dust_Particle_D.uasset" 521
"../../../../../Unreal Projects/SPPGame/Content/StarterContent/Particles/Materials/M_Dust_Particle.uasset" 522
"../../../../../Unreal Projects/SPPGame/Content/StarterContent/Particles/P_Ambient_Dust.uasset" 523
"../../../../../Unreal Projects/SPPGame/Content/StarterContent/Props/MaterialSphere.uasset" 524
"../../../../../Unreal Projects/SPPGame/Content/StarterContent/Textures/T_Chair_M.uasset" 525
"../../../../../Unreal Projects/SPPGame/Content/StarterContent/Textures/T_Chair_N.uasset" 526
"../../../../../Unreal Projects/SPPGame/Content/StarterContent/Props/Materials/M_Chair.uasset" 527
"../../../../../Unreal Projects/SPPGame/Content/StarterContent/Props/SM_Chair.uasset" 528
"../../../../../Unreal Projects/SPPGame/Content/StarterContent/Textures/T_Frame_M.uasset" 529
"../../../../../Unreal Projects/SPPGame/Content/StarterContent/Textures/T_Frame_N.uasset" 530
"../../../../../Unreal Projects/SPPGame/Content/StarterContent/Props/Materials/M_Frame.uasset" 531
"../../../../../Unreal Projects/SPPGame/Content/StarterContent/Props/SM_CornerFrame.uasset" 532
"../../../../../Unreal Projects/SPPGame/Content/StarterContent/Props/SM_DoorFrame.uasset" 533
"../../../../../Unreal Projects/SPPGame/Content/StarterContent/Materials/M_Glass.uasset" 534
"../../../../../Unreal Projects/SPPGame/Content/StarterContent/Props/SM_GlassWindow.uasset" 535
"../../../../../Unreal Projects/SPPGame/Content/StarterContent/Props/SM_PillarFrame.uasset" 536
"../../../../../Unreal Projects/SPPGame/Content/StarterContent/Props/SM_PillarFrame300.uasset" 537
"../../../../../Unreal Projects/SPPGame/Content/StarterContent/Textures/T_Statue_M.uasset" 538
"../../../../../Unreal Projects/SPPGame/Content/StarterContent/Textures/T_Statue_N.uasset" 539
"../../../../../Unreal Projects/SPPGame/Content/StarterContent/Props/Materials/M_Statue.uasset" 540
"../../../../../Unreal Projects/SPPGame/Content/StarterContent/Props/Materials/M_StatueGlass.uasset" 541
"../../../../../Unreal Projects/SPPGame/Content/StarterContent/Props/SM_Statue.uasset" 542
"../../../../../Unreal Projects/SPPGame/Content/StarterContent/Textures/T_TableRound_M.uasset" 543
"../../../../../Unreal Projects/SPPGame/Content/StarterContent/Textures/T_TableRound_N.uasset" 544
"../../../../../Unreal Projects/SPPGame/Content/StarterContent/Props/Materials/M_TableRound.uasset" 545
"../../../../../Unreal Projects/SPPGame/Content/StarterContent/Props/SM_TableRound.uasset" 546
"../../../../../Unreal Projects/SPPGame/Content/StarterContent/Props/SM_WindowFrame.uasset" 547
"../../../../../Unreal Projects/SPPGame/Content/StarterContent/Shapes/Shape_Cube.uasset" 548
"../../../../../Unreal Projects/SPPGame/Content/StarterContent/Shapes/Shape_QuadPyramid.uasset" 549
"../../../../../Unreal Projects/SPPGame/Content/StarterContent/Shapes/Shape_Sphere.uasset" 550
"../../Plugins/2D/Paper2D/Content/PlaceholderTextures/DummySpriteTexture.uasset" 551
"../../Plugins/2D/Paper2D/Content/DummySprite.uasset" 552
"../../Plugins/2D/Paper2D/Content/DefaultPaperTerrainMaterial.uasset" 553
"../../Plugins/2D/Paper2D/Content/DefaultSpriteMaterial.uasset" 554
"../../Plugins/2D/Paper2D/Content/MaskedUnlitSpriteMaterial.uasset" 555
"../../Plugins/2D/Paper2D/Content/OpaqueUnlitSpriteMaterial.uasset" 556
"../../Plugins/Enterprise/DatasmithContent/Content/Blueprints/FBXImporter/ArrayOfActor.uasset" 557
"../../Plugins/Enterprise/DatasmithContent/Content/Blueprints/FBXImporter/ArrayOfSwitch.uasset" 558
"../../Plugins/Enterprise/DatasmithContent/Content/Blueprints/FBXImporter/BP_SceneNode.uasset" 559
"../../Plugins/Enterprise/DatasmithContent/Content/Blueprints/FBXImporter/BP_Switch.uasset" 560
"../../Plugins/Enterprise/DatasmithContent/Content/Blueprints/FBXImporter/BP_SceneRoot.uasset" 561
"../../Plugins/Enterprise/DatasmithContent/Content/Blueprints/FBXImporter/FBXImporterUtils.uasset" 562
"../../Plugins/Enterprise/DatasmithContent/Content/Blueprints/FBXImporter/Animation/DeltaGenAnimationTrackType.uasset" 563
"../../Plugins/Enterprise/DatasmithContent/Content/Blueprints/FBXImporter/Animation/VREDAnimationTrackComponent.uasset" 564
"../../Plugins/Enterprise/DatasmithContent/Content/Blueprints/FBXImporter/Animation/VREDAnimationTrackType.uasset" 565
"../../Plugins/Enterprise/DatasmithContent/Content/Blueprints/FBXImporter/Variants/VariantSwitchType.uasset" 566
"../../Plugins/Enterprise/DatasmithContent/Content/Blueprints/FBXImporter/Variants/VREDVariantSwitchType.uasset" 567
"../../Plugins/Runtime/Oculus/OculusVR/Content/Materials/PokeAHoleMaterial.uasset" 568
"../../Plugins/Runtime/Oculus/OculusVR/Content/Textures/GearVRController_AO.uasset" 569
"../../Plugins/Runtime/Oculus/OculusVR/Content/Textures/GearVRController_Color.uasset" 570
"../../Plugins/Runtime/Oculus/OculusVR/Content/Textures/GearVRController_Normal.uasset" 571
"../../Plugins/Runtime/Oculus/OculusVR/Content/Materials/GearVRControllerMaterial.uasset" 572
"../../Plugins/Runtime/Oculus/OculusVR/Content/Meshes/GearVrController.uasset" 573
"../../Plugins/Runtime/Oculus/OculusVR/Content/Textures/touchController_albedo.uasset" 574
"../../Plugins/Runtime/Oculus/OculusVR/Content/Textures/touchController_controlmap.uasset" 575
"../../Plugins/Runtime/Oculus/OculusVR/Content/Materials/touchController_mat.uasset" 576
"../../Plugins/Runtime/Oculus/OculusVR/Content/Meshes/LeftTouchController.uasset" 577
"../../Plugins/Runtime/Oculus/OculusVR/Content/Meshes/RiftHMD.uasset" 578
"../../Plugins/Runtime/Oculus/OculusVR/Content/Meshes/RightTouchController.uasset" 579
"../../../../../Unreal Projects/SPPGame/Content/Mannequin/Character/Mesh/UE4_Mannequin_Skeleton.uasset" 580
"../../../../../Unreal Projects/SPPGame/Content/Mannequin/Animations/ThirdPerson_Jump.uasset" 581
"../../../../../Unreal Projects/SPPGame/Content/Mannequin/Animations/ThirdPersonJump_Loop.uasset" 582
"../../../../../Unreal Projects/SPPGame/Content/Mannequin/Animations/ThirdPersonJump_Start.uasset" 583
"../../../../../Unreal Projects/SPPGame/Content/Mannequin/Animations/ThirdPersonIdle.uasset" 584
"../../../../../Unreal Projects/SPPGame/Content/Mannequin/Animations/ThirdPersonRun.uasset" 585
"../../../../../Unreal Projects/SPPGame/Content/Mannequin/Animations/ThirdPersonWalk.uasset" 586
"../../../../../Unreal Projects/SPPGame/Content/Mannequin/Animations/ThirdPerson_IdleRun_2D.uasset" 587
"../../../../../Unreal Projects/SPPGame/Content/Mannequin/Animations/ThirdPerson_AnimBP.uasset" 588
"../../../Engine/Content/Functions/Engine_MaterialFunctions01/Density/ExponentialDensity.uasset" 589
"../../../Engine/Content/Functions/Engine_MaterialFunctions01/Gradient/RadialGradientExponential.uasset" 590
"../../../../../Unreal Projects/SPPGame/Content/TopDownBP/Blueprints/M_Cursor_Decal.uasset" 591
"../../../Engine/Content/Functions/MaterialLayerFunctions/MatLayerBlend_NormalBlend.uasset" 592
"../../../Engine/Content/Functions/MaterialLayerFunctions/MatLayerBlend_Simple.uasset" 593
"../../../../../Unreal Projects/SPPGame/Content/Mannequin/Character/Materials/MaterialLayers/T_ML_Rubber_Blue_01_D.uasset" 594
"../../../../../Unreal Projects/SPPGame/Content/Mannequin/Character/Materials/MaterialLayers/T_ML_Rubber_Blue_01_N.uasset" 595
"../../../../../Unreal Projects/SPPGame/Content/Mannequin/Character/Materials/MaterialLayers/ML_GlossyBlack_Latex_UE4.uasset" 596
"../../../../../Unreal Projects/SPPGame/Content/Mannequin/Character/Materials/MaterialLayers/ML_Plastic_Shiny_Beige.uasset" 597
"../../../../../Unreal Projects/SPPGame/Content/Mannequin/Character/Textures/UE4_LOGO_CARD.uasset" 598
"../../../../../Unreal Projects/SPPGame/Content/Mannequin/Character/Materials/MaterialLayers/ML_Plastic_Shiny_Beige_LOGO.uasset" 599
"../../../../../Unreal Projects/SPPGame/Content/Mannequin/Character/Materials/MaterialLayers/T_ML_Aluminum01.uasset" 600
"../../../../../Unreal Projects/SPPGame/Content/Mannequin/Character/Materials/MaterialLayers/T_ML_Aluminum01_N.uasset" 601
"../../../../../Unreal Projects/SPPGame/Content/Mannequin/Character/Materials/MaterialLayers/ML_SoftMetal_UE4.uasset" 602
"../../../../../Unreal Projects/SPPGame/Content/Mannequin/Character/Textures/UE4_Mannequin__normals.uasset" 603
"../../../../../Unreal Projects/SPPGame/Content/Mannequin/Character/Textures/UE4_Mannequin_MAT_MASKA.uasset" 604
"../../../../../Unreal Projects/SPPGame/Content/Mannequin/Character/Materials/M_UE4Man_Body.uasset" 605
"../../../../../Unreal Projects/SPPGame/Content/Mannequin/Character/Textures/UE4Man_Logo_N.uasset" 606
"../../../../../Unreal Projects/SPPGame/Content/Mannequin/Character/Materials/M_UE4Man_ChestLogo.uasset" 607
"../../../../../Unreal Projects/SPPGame/Content/Mannequin/Character/Mesh/SK_Mannequin_PhysicsAsset.uasset" 608
"../../../../../Unreal Projects/SPPGame/Content/Mannequin/Character/Mesh/SK_Mannequin.uasset" 609
"../../../../../Unreal Projects/SPPGame/Content/TopDownBP/Blueprints/TopDownCharacter.uasset" 610
"../../../Engine/Content/EngineSky/C_Sky_Cloud_Color.uasset" 611
"../../../Engine/Content/EngineSky/C_Sky_Horizon_Color.uasset" 612
"../../../Engine/Content/EngineSky/C_Sky_Zenith_Color.uasset" 613
"../../../Engine/Content/EngineSky/T_Sky_Blue.uasset" 614
"../../../Engine/Content/EngineSky/T_Sky_Clouds_M.uasset" 615
"../../../Engine/Content/EngineSky/T_Sky_Stars.uasset" 616
"../../../Engine/Content/EngineSky/M_Sky_Panning_Clouds2.uasset" 617
"../../../Engine/Content/EngineSky/SM_SkySphere.uasset" 618
"../../../Engine/Content/EngineSky/BP_Sky_Sphere.uasset" 619
"../../../../../Unreal Projects/SPPGame/Content/TopDownBP/Blueprints/TopDownController.uasset" 620
"../../../../../Unreal Projects/SPPGame/Content/TopDownBP/Blueprints/TopDownGameMode.uasset" 621
"../../../../../Unreal Projects/SPPGame/Content/TopDownBP/Maps/TopDownExampleMap_BuiltData.uasset" 622
"../../../../../Unreal Projects/SPPGame/Content/Geometry/Meshes/CubeMaterial.uasset" 623
"../../../../../Unreal Projects/SPPGame/Content/Geometry/Meshes/1M_Cube.uasset" 624
"../../../../../Unreal Projects/SPPGame/Content/Geometry/Meshes/1M_Cube_Chamfer.uasset" 625
"../../../../../Unreal Projects/SPPGame/Content/TopDownBP/Maps/TopDownExampleMap.umap" 626
"../../../Engine/Content/Maps/Entry_BuiltData.uasset" 627
"../../../Engine/Content/Maps/Entry.umap" 628
"../../../../../Unreal Projects/SPPGame/Content/StarterContent/Blueprints/Assets/FogBrightnessLUT.uasset" 629
"../../../../../Unreal Projects/SPPGame/Content/StarterContent/Blueprints/Assets/SunlightColorLUT.uasset" 630
"../../../../../Unreal Projects/SPPGame/Content/StarterContent/Blueprints/Assets/M_LightStage_Arrows.uasset" 631
"../../../Engine/Content/MapTemplates/Sky/DaylightAmbientCubemap.uasset" 632
"../../../../../Unreal Projects/SPPGame/Content/StarterContent/Blueprints/Assets/M_LightStage_Skybox_Master.uasset" 633
"../../../../../Unreal Projects/SPPGame/Content/StarterContent/Blueprints/Assets/M_LightStage_Skybox_Black.uasset" 634
"../../../../../Unreal Projects/SPPGame/Content/StarterContent/Blueprints/Assets/M_LightStage_Skybox_HDRI.uasset" 635
"../../../../../Unreal Projects/SPPGame/Content/StarterContent/Blueprints/Assets/Skybox.uasset" 636
"../../../../../Unreal Projects/SPPGame/Content/StarterContent/Blueprints/Assets/SM_Arrows.uasset" 637
"../../../../../Unreal Projects/SPPGame/Content/StarterContent/HDRI/HDRI_Epic_Courtyard_Daylight.uasset" 638
"../../../../../Unreal Projects/SPPGame/Content/StarterContent/Blueprints/BP_LightStudio.uasset" 639
"../../../../../Unreal Projects/SPPGame/Content/World_BuiltData.uasset" 640
"../../../../../Unreal Projects/SPPGame/Content/StarterContent/Textures/T_Ground_Grass_D.uasset" 641
"../../../../../Unreal Projects/SPPGame/Content/StarterContent/Textures/T_Ground_Grass_N.uasset" 642
"../../../../../Unreal Projects/SPPGame/Content/StarterContent/Materials/M_Ground_Grass.uasset" 643
"../../../../../Unreal Projects/SPPGame/Content/World.umap" 644
