Log file open, 10/24/18 21:08:09
LogWindows: Failed to load 'aqProf.dll' (GetLastError=126)
LogWindows: File 'aqProf.dll' does not exist
LogWindows: Failed to load 'VtuneApi.dll' (GetLastError=126)
LogWindows: File 'VtuneApi.dll' does not exist
LogWindows: Failed to load 'VtuneApi32e.dll' (GetLastError=126)
LogWindows: File 'VtuneApi32e.dll' does not exist
LogInit: Display: Running engine for game: SPPGame
LogPlatformFile: Not using cached read wrapper
LogTaskGraph: Started task graph with 5 named threads and 23 total threads with 3 sets of task threads.
LogStats: Stats thread started at 0.281331
LogD3D11RHI: Loaded GFSDK_Aftermath_Lib.x64.dll
LogICUInternationalization: Display: ICU TimeZone Detection - Raw Offset: -6:00, Platform Override: ''
LogPluginManager: Mounting plugin Paper2D
LogPluginManager: Mounting plugin AISupport
LogPluginManager: Mounting plugin LightPropagationVolume
LogPluginManager: Mounting plugin CLionSourceCodeAccess
LogPluginManager: Mounting plugin CodeLiteSourceCodeAccess
LogPluginManager: Mounting plugin GitSourceControl
LogPluginManager: Mounting plugin KDevelopSourceCodeAccess
LogPluginManager: Mounting plugin NullSourceCodeAccess
LogPluginManager: Mounting plugin PerforceSourceControl
LogPluginManager: Mounting plugin SubversionSourceControl
LogPluginManager: Mounting plugin UObjectPlugin
LogPluginManager: Mounting plugin VisualStudioCodeSourceCodeAccess
LogPluginManager: Mounting plugin VisualStudioSourceCodeAccess
LogPluginManager: Mounting plugin XCodeSourceCodeAccess
LogPluginManager: Mounting plugin AssetManagerEditor
LogPluginManager: Mounting plugin CryptoKeys
LogPluginManager: Mounting plugin DataValidation
LogPluginManager: Mounting plugin FacialAnimation
LogPluginManager: Mounting plugin GameplayTagsEditor
LogPluginManager: Mounting plugin MacGraphicsSwitching
LogPluginManager: Mounting plugin MeshEditor
LogPluginManager: Mounting plugin MobileLauncherProfileWizard
LogPluginManager: Mounting plugin PluginBrowser
LogPluginManager: Mounting plugin SpeedTreeImporter
LogPluginManager: Mounting plugin DatasmithContent
LogPluginManager: Mounting plugin AlembicImporter
LogPluginManager: Mounting plugin AppleImageUtils
LogPluginManager: Mounting plugin AppleVision
LogPluginManager: Mounting plugin BackChannel
LogPluginManager: Mounting plugin CharacterAI
LogPluginManager: Mounting plugin GeometryCache
LogPluginManager: Mounting plugin HTML5Networking
LogPluginManager: Mounting plugin ProxyLODPlugin
LogPluginManager: Mounting plugin MagicLeap
LogPluginManager: Mounting plugin MagicLeapEmulator
LogPluginManager: Mounting plugin MagicLeapMedia
LogPluginManager: Mounting plugin Substance
LogPluginManager: Mounting plugin AndroidMedia
LogPluginManager: Mounting plugin AvfMedia
LogPluginManager: Mounting plugin ImgMedia
LogPluginManager: Mounting plugin LinearTimecode
LogPluginManager: Mounting plugin MediaCompositing
LogPluginManager: Mounting plugin MediaPlayerEditor
LogPluginManager: Mounting plugin WmfMedia
LogPluginManager: Mounting plugin TcpMessaging
LogPluginManager: Mounting plugin UdpMessaging
LogPluginManager: Mounting plugin ActorSequence
LogPluginManager: Mounting plugin LevelSequenceEditor
LogPluginManager: Mounting plugin MatineeToLevelSequence
LogPluginManager: Mounting plugin NetcodeUnitTest
LogPluginManager: Mounting plugin NUTUnrealEngine4
LogPluginManager: Mounting plugin OnlineSubsystemGooglePlay
LogPluginManager: Mounting plugin OnlineSubsystemIOS
LogPluginManager: Mounting plugin OnlineSubsystem
LogPluginManager: Mounting plugin OnlineSubsystemNull
LogPluginManager: Mounting plugin OnlineSubsystemUtils
LogPluginManager: Mounting plugin LauncherChunkInstaller
LogPluginManager: Mounting plugin AndroidDeviceProfileSelector
LogPluginManager: Mounting plugin AndroidMoviePlayer
LogPluginManager: Mounting plugin AndroidPermission
LogPluginManager: Mounting plugin AppleMoviePlayer
LogPluginManager: Mounting plugin ArchVisCharacter
LogPluginManager: Mounting plugin AudioCapture
LogPluginManager: Mounting plugin CableComponent
LogPluginManager: Mounting plugin CustomMeshComponent
LogPluginManager: Mounting plugin EditableMesh
LogPluginManager: Mounting plugin ExampleDeviceProfileSelector
LogPluginManager: Mounting plugin GoogleCloudMessaging
LogPluginManager: Mounting plugin ImmediatePhysics
LogPluginManager: Mounting plugin IOSDeviceProfileSelector
LogPluginManager: Mounting plugin LinuxDeviceProfileSelector
LogPluginManager: Mounting plugin LocationServicesBPLibrary
LogPluginManager: Mounting plugin MobilePatchingUtils
LogPluginManager: Mounting plugin OculusVR
LogPluginManager: Plugin shader directory ../../../Engine/Plugins/Runtime/Oculus/OculusVR/Shaders found
LogPluginManager: Mapping shader source directory ../../../Engine/Plugins/Runtime/Oculus/OculusVR/Shaders to virtual directory /Plugin/OculusVR
LogPluginManager: Mounting plugin PhysXVehicles
LogPluginManager: Mounting plugin ProceduralMeshComponent
LogPluginManager: Mounting plugin RuntimePhysXCooking
LogPluginManager: Mounting plugin SteamVR
LogPluginManager: Mounting plugin WindowsMoviePlayer
LogStreaming: Display: Took  0.093s to configure plugins.
LogInit: Using libcurl 7.55.1-DEV
LogInit:  - built for x86_64-pc-win32
LogInit:  - supports SSL with OpenSSL/1.0.2h
LogInit:  - supports HTTP deflate (compression) using libz 1.2.8
LogInit:  - other features:
LogInit:      CURL_VERSION_SSL
LogInit:      CURL_VERSION_LIBZ
LogInit:      CURL_VERSION_IPV6
LogInit:      CURL_VERSION_ASYNCHDNS
LogInit:      CURL_VERSION_LARGEFILE
LogInit:      CURL_VERSION_IDN
LogInit:  CurlRequestOptions (configurable via config and command line):
LogInit:  - bVerifyPeer = false  - Libcurl will NOT verify peer certificate
LogInit:  - bUseHttpProxy = false  - Libcurl will NOT use HTTP proxy
LogInit:  - bDontReuseConnections = false  - Libcurl will reuse connections
LogInit:  - CertBundlePath = nullptr  - Libcurl will use whatever was configured at build time.
LogInit:  - MaxHostConnections = 16  - Libcurl will limit the number of connections to a host
LogInit:  - LocalHostAddr = Default
LogInit:  - BufferSize = 65536
LogInit: WinSock: version 1.1 (2.2), MaxSocks=32767, MaxUdp=65467
LogInit: Build: ++UE4+Release-4.20-CL-4369336
LogInit: Engine Version: 4.20.3-4369336+++UE4+Release-4.20
LogInit: Compatible Engine Version: 4.20.0-4212847+++UE4+Release-4.20
LogInit: Net CL: 4212847
LogInit: OS: Windows 10 (), CPU: Intel(R) Core(TM) i7-4720HQ CPU @ 2.60GHz, GPU: Intel(R) HD Graphics 4600
LogInit: Compiled (64-bit): Sep 17 2018 12:26:19
LogInit: Compiled with Visual C++: 19.13.26129.00
LogInit: Build Configuration: Development
LogInit: Branch Name: ++UE4+Release-4.20
LogInit: Command Line:  
LogInit: Base Directory: C:/Development/Epic Games/UE_4.20/Engine/Binaries/Win64/
LogInit: Installed Engine Build: 1
LogDevObjectVersion: Number of dev versions registered: 20
LogDevObjectVersion:   Dev-Blueprints (B0D832E4-1F89-4F0D-ACCF-7EB736FD4AA2): 10
LogDevObjectVersion:   Dev-Build (E1C64328-A22C-4D53-A36C-8E866417BD8C): 0
LogDevObjectVersion:   Dev-Core (375EC13C-06E4-48FB-B500-84F0262A717E): 2
LogDevObjectVersion:   Dev-Editor (E4B068ED-F494-42E9-A231-DA0B2E46BB41): 24
LogDevObjectVersion:   Dev-Framework (CFFC743F-43B0-4480-9391-14DF171D2073): 34
LogDevObjectVersion:   Dev-Mobile (B02B49B5-BB20-44E9-A304-32B752E40360): 2
LogDevObjectVersion:   Dev-Networking (A4E4105C-59A1-49B5-A7C5-40C4547EDFEE): 0
LogDevObjectVersion:   Dev-Online (39C831C9-5AE6-47DC-9A44-9C173E1C8E7C): 0
LogDevObjectVersion:   Dev-Physics (78F01B33-EBEA-4F98-B9B4-84EACCB95AA2): 0
LogDevObjectVersion:   Dev-Platform (6631380F-2D4D-43E0-8009-CF276956A95A): 0
LogDevObjectVersion:   Dev-Rendering (12F88B9F-8875-4AFC-A67C-D90C383ABD29): 26
LogDevObjectVersion:   Dev-Sequencer (7B5AE74C-D270-4C10-A958-57980B212A5A): 9
LogDevObjectVersion:   Dev-VR (D7296918-1DD6-4BDD-9DE2-64A83CC13884): 2
LogDevObjectVersion:   Dev-LoadTimes (C2A15278-BFE7-4AFE-6C17-90FF531DF755): 1
LogDevObjectVersion:   Private-Geometry (6EACA3D4-40EC-4CC1-B786-8BED09428FC5): 3
LogDevObjectVersion:   Dev-AnimPhys (29E575DD-E0A3-4627-9D10-D276232CDCEA): 17
LogDevObjectVersion:   Dev-ReflectionCapture (6B266CEC-1EC7-4B8F-A30B-E4D90942FC07): 1
LogDevObjectVersion:   Dev-Automation (0DF73D61-A23F-47EA-B727-89E90C41499A): 1
LogDevObjectVersion:   FortniteMain (601D1886-AC64-4F84-AA16-D3DE0DEAC7D6): 12
LogDevObjectVersion:   Dev-Enterprise (9DFFBCD6-494F-0158-E221-12823C92A888): 1
LogStreaming: Display: Took  0.000s to delete old logs.
LogInit: Presizing for max 8388607 objects, including 0 objects not considered by GC, pre-allocating 0 bytes for permanent pool.
LogInit: Object subsystem initialized
[2018.10.25-02.08.10:019][  0]LogInit: Selected Device Profile: [Windows]
[2018.10.25-02.08.10:019][  0]LogInit: Applying CVar settings loaded from the selected device profile: [Windows]
[2018.10.25-02.08.10:031][  0]LogHAL: Display: Platform has ~ 16 GB [17087881216 / 17179869184 / 16], which maps to Larger [LargestMinGB=32, LargerMinGB=12, DefaultMinGB=8, SmallerMinGB=6, SmallestMinGB=0)
[2018.10.25-02.08.10:031][  0]LogInit: Setting Device Profile CVar: [[r.Vulkan.UseRealUBs:1]]
[2018.10.25-02.08.10:031][  0]LogInit: Going up to parent DeviceProfile []
[2018.10.25-02.08.10:031][  0]LogInit: Computer: MATTS-LAPTOP
[2018.10.25-02.08.10:031][  0]LogInit: User: Matthew
[2018.10.25-02.08.10:031][  0]LogInit: CPU Page size=4096, Cores=4
[2018.10.25-02.08.10:031][  0]LogInit: High frequency timer resolution =2.533208 MHz
[2018.10.25-02.08.10:032][  0]LogMemory: Memory total: Physical=15.9GB (16GB approx)
[2018.10.25-02.08.10:032][  0]LogMemory: Platform Memory Stats for Windows
[2018.10.25-02.08.10:032][  0]LogMemory: Process Physical Memory: 100.16 MB used, 100.16 MB peak
[2018.10.25-02.08.10:032][  0]LogMemory: Process Virtual Memory: 91.09 MB used, 91.09 MB peak
[2018.10.25-02.08.10:032][  0]LogMemory: Physical Memory: 5066.46 MB used,  11229.81 MB free, 16296.27 MB total
[2018.10.25-02.08.10:032][  0]LogMemory: Virtual Memory: 4645.21 MB used,  11229.81 MB free, 134217728.00 MB total
[2018.10.25-02.08.10:051][  0]LogInit: Using OS detected language (en-US).
[2018.10.25-02.08.10:051][  0]LogInit: Using OS detected locale (en-US).
[2018.10.25-02.08.10:052][  0]LogTextLocalizationManager: No specific localization for 'en-US' exists, so the 'en' localization will be used.
[2018.10.25-02.08.10:435][  0]LogStreaming: Display: Took  0.384s to InitEngineTextLocalization.
[2018.10.25-02.08.10:436][  0]LogInit: Setting process to per monitor DPI aware
[2018.10.25-02.08.10:468][  0]LogSlate: New Slate User Created.  User Index 0, Is Virtual User: 0
[2018.10.25-02.08.10:468][  0]LogSlate: Slate User Registered.  User Index 0, Is Virtual User: 0
[2018.10.25-02.08.10:653][  0]LogHMD: Failed to initialize OpenVR with code 110
[2018.10.25-02.08.10:653][  0]LogD3D11RHI: D3D11 adapters:
[2018.10.25-02.08.10:707][  0]LogD3D11RHI:    0. 'NVIDIA GeForce GTX 960M' (Feature Level 11_0)
[2018.10.25-02.08.10:707][  0]LogD3D11RHI:       2010/0/8148 MB DedicatedVideo/DedicatedSystem/SharedSystem, Outputs:1, VendorId:0x10de
[2018.10.25-02.08.10:712][  0]LogD3D11RHI:    1. 'Intel(R) HD Graphics 4600' (Feature Level 11_0)
[2018.10.25-02.08.10:712][  0]LogD3D11RHI:       112/0/2048 MB DedicatedVideo/DedicatedSystem/SharedSystem, Outputs:0, VendorId:0x8086
[2018.10.25-02.08.10:714][  0]LogD3D11RHI:    2. 'Microsoft Basic Render Driver' (Feature Level 11_0)
[2018.10.25-02.08.10:714][  0]LogD3D11RHI:       0/0/8148 MB DedicatedVideo/DedicatedSystem/SharedSystem, Outputs:0, VendorId:0x1414
[2018.10.25-02.08.10:714][  0]LogD3D11RHI: Chosen D3D11 Adapter: 0
[2018.10.25-02.08.10:730][  0]LogD3D11RHI: Creating new Direct3DDevice
[2018.10.25-02.08.10:731][  0]LogD3D11RHI:     GPU DeviceId: 0x139b (for the marketing name, search the web for "GPU Device Id")
[2018.10.25-02.08.10:731][  0]LogWindows: EnumDisplayDevices:
[2018.10.25-02.08.10:731][  0]LogWindows:    0. 'Intel(R) HD Graphics 4600' (P:1 D:1)
[2018.10.25-02.08.10:731][  0]LogWindows:    1. 'Intel(R) HD Graphics 4600' (P:0 D:0)
[2018.10.25-02.08.10:731][  0]LogWindows:    2. 'Intel(R) HD Graphics 4600' (P:0 D:0)
[2018.10.25-02.08.10:731][  0]LogWindows: DebugString: PrimaryIsNotTheChoosenAdapter PrimaryIsNotTheChoosenAdapter PrimaryIsNotTheChoosenAdapter FoundDriverCount:0 
[2018.10.25-02.08.10:731][  0]LogD3D11RHI:     Adapter Name: NVIDIA GeForce GTX 960M
[2018.10.25-02.08.10:731][  0]LogD3D11RHI:   Driver Version: Unknown (internal:Unknown, unified:Unknown)
[2018.10.25-02.08.10:731][  0]LogD3D11RHI:      Driver Date: Unknown
[2018.10.25-02.08.10:731][  0]LogRHI: Texture pool is 1407 MB (70% of 2010 MB)
[2018.10.25-02.08.10:767][  0]LogD3D11RHI: Async texture creation enabled
[2018.10.25-02.08.10:783][  0]LogD3D11RHI: GPU Timing Frequency: 1000.000000 (Debug: 2 2)
[2018.10.25-02.08.10:783][  0]LogShaderCompilers: Guid format shader working directory is 9 characters bigger than the processId version (../../../../../Unreal Projects/SPPGame/Intermediate/Shaders/WorkingDirectory/14528/).
[2018.10.25-02.08.10:784][  0]LogShaderCompilers: Cleaned the shader compiler working directory 'C:/Users/Matthew/AppData/Local/Temp/UnrealShaderWorkingDir/7D7E242B4CC82847E137E6B97A5A7A5E/'.
[2018.10.25-02.08.11:029][  0]LogTemp: Display: Loaded TP AllDesktopTargetPlatform
[2018.10.25-02.08.11:042][  0]LogTemp: Display: Loaded TP MacClientTargetPlatform
[2018.10.25-02.08.11:055][  0]LogTemp: Display: Loaded TP MacNoEditorTargetPlatform
[2018.10.25-02.08.11:068][  0]LogTemp: Display: Loaded TP MacServerTargetPlatform
[2018.10.25-02.08.11:081][  0]LogTemp: Display: Loaded TP MacTargetPlatform
[2018.10.25-02.08.11:094][  0]LogTemp: Display: Loaded TP WindowsClientTargetPlatform
[2018.10.25-02.08.11:107][  0]LogTemp: Display: Loaded TP WindowsNoEditorTargetPlatform
[2018.10.25-02.08.11:120][  0]LogTemp: Display: Loaded TP WindowsServerTargetPlatform
[2018.10.25-02.08.11:126][  0]LogTemp: Display: Loaded TP WindowsTargetPlatform
[2018.10.25-02.08.11:202][  0]LogTemp: Display: Loaded TP AndroidTargetPlatform
[2018.10.25-02.08.11:202][  0]LogTemp: Display: Loaded TP AndroidTargetPlatform
[2018.10.25-02.08.11:202][  0]LogTemp: Display: Loaded TP AndroidTargetPlatform
[2018.10.25-02.08.11:202][  0]LogTemp: Display: Loaded TP AndroidTargetPlatform
[2018.10.25-02.08.11:202][  0]LogTemp: Display: Loaded TP AndroidTargetPlatform
[2018.10.25-02.08.11:202][  0]LogTemp: Display: Loaded TP AndroidTargetPlatform
[2018.10.25-02.08.11:202][  0]LogTemp: Display: Loaded TP AndroidTargetPlatform
[2018.10.25-02.08.11:202][  0]LogTemp: Display: Loaded TP AndroidTargetPlatform
[2018.10.25-02.08.11:202][  0]LogTemp: Display: Loaded TP AndroidTargetPlatform
[2018.10.25-02.08.11:202][  0]LogTemp: Display: Loaded TP AndroidTargetPlatform
[2018.10.25-02.08.11:202][  0]LogTemp: Display: Loaded TP AndroidTargetPlatform
[2018.10.25-02.08.11:202][  0]LogTemp: Display: Loaded TP AndroidTargetPlatform
[2018.10.25-02.08.11:202][  0]LogTemp: Display: Loaded TP AndroidTargetPlatform
[2018.10.25-02.08.11:202][  0]LogTemp: Display: Loaded TP AndroidTargetPlatform
[2018.10.25-02.08.11:202][  0]LogTemp: Display: Loaded TP AndroidTargetPlatform
[2018.10.25-02.08.11:202][  0]LogTemp: Display: Loaded TP AndroidTargetPlatform
[2018.10.25-02.08.11:202][  0]LogTemp: Display: Loaded TP AndroidTargetPlatform
[2018.10.25-02.08.11:202][  0]LogTemp: Display: Loaded TP AndroidTargetPlatform
[2018.10.25-02.08.11:204][  0]LogTemp: Display: Loaded TP HTML5TargetPlatform
[2018.10.25-02.08.11:263][  0]LogTemp: Display: Loaded TP IOSTargetPlatform
[2018.10.25-02.08.11:263][  0]LogTemp: Display: Loaded TP IOSTargetPlatform
[2018.10.25-02.08.11:286][  0]LogTemp: Display: Loaded TP TVOSTargetPlatform
[2018.10.25-02.08.11:286][  0]LogTemp: Display: Loaded TP TVOSTargetPlatform
[2018.10.25-02.08.11:298][  0]LogTemp: Display: Loaded TP LinuxClientTargetPlatform
[2018.10.25-02.08.11:309][  0]LogTemp: Display: Loaded TP LinuxNoEditorTargetPlatform
[2018.10.25-02.08.11:322][  0]LogTemp: Display: Loaded TP LinuxServerTargetPlatform
[2018.10.25-02.08.11:335][  0]LogTemp: Display: Loaded TP LinuxTargetPlatform
[2018.10.25-02.08.11:344][  0]LogTemp: Display: Loaded TP LuminTargetPlatform
[2018.10.25-02.08.11:344][  0]LogTargetPlatformManager: Display: Building Assets For Windows
[2018.10.25-02.08.11:395][  0]LogXGEController: Cleaning working directory: C:/Users/Matthew/AppData/Local/Temp/UnrealXGEWorkingDir/
[2018.10.25-02.08.11:395][  0]LogXGEController: Cannot use XGE Controller as Incredibuild is not installed on this machine.
[2018.10.25-02.08.11:395][  0]LogShaderCompilers: Cannot use XGE Shader Compiler as Incredibuild is not installed on this machine.
[2018.10.25-02.08.11:395][  0]LogShaderCompilers: Display: Using Local Shader Compiler.
[2018.10.25-02.08.12:107][  0]LogDerivedDataCache: Display: Max Cache Size: 512 MB
[2018.10.25-02.08.12:166][  0]LogDerivedDataCache: Loaded boot cache 0.06s 71MB C:/Users/Matthew/AppData/Local/UnrealEngine/4.20/DerivedDataCache/Boot.ddc.
[2018.10.25-02.08.12:166][  0]LogDerivedDataCache: Display: Loaded Boot cache: C:/Users/Matthew/AppData/Local/UnrealEngine/4.20/DerivedDataCache/Boot.ddc
[2018.10.25-02.08.12:166][  0]LogDerivedDataCache: FDerivedDataBackendGraph:  Pak pak cache file ../../../../../Unreal Projects/SPPGame/DerivedDataCache/DDC.ddp not found, will not use a pak cache.
[2018.10.25-02.08.12:166][  0]LogDerivedDataCache: Unable to find inner node Pak for hierarchical cache Hierarchy.
[2018.10.25-02.08.12:166][  0]LogDerivedDataCache: FDerivedDataBackendGraph:  CompressedPak pak cache file ../../../../../Unreal Projects/SPPGame/DerivedDataCache/Compressed.ddp not found, will not use a pak cache.
[2018.10.25-02.08.12:166][  0]LogDerivedDataCache: Unable to find inner node CompressedPak for hierarchical cache Hierarchy.
[2018.10.25-02.08.12:179][  0]LogDerivedDataCache: Display: Pak cache opened for reading ../../../Engine/DerivedDataCache/Compressed.ddp.
[2018.10.25-02.08.12:191][  0]LogDerivedDataCache: Using Local data cache path C:/Users/Matthew/AppData/Local/UnrealEngine/Common/DerivedDataCache: Writable
[2018.10.25-02.08.12:191][  0]LogDerivedDataCache: Shared data cache path not found in *engine.ini, will not use an Shared cache.
[2018.10.25-02.08.12:191][  0]LogDerivedDataCache: Unable to find inner node Shared for hierarchical cache Hierarchy.
[2018.10.25-02.08.12:208][  0]LogMaterial: Verifying Global Shaders for PCD3D_SM5
[2018.10.25-02.08.12:210][  0]LogSlate: Using FreeType 2.6.0
[2018.10.25-02.08.12:210][  0]LogSlate: SlateFontServices - WITH_FREETYPE: 1, WITH_HARFBUZZ: 1
[2018.10.25-02.08.12:282][  0]LogAssetRegistry: FAssetRegistry took 0.0262 seconds to start up
[2018.10.25-02.08.12:588][  0]LogInit: Selected Device Profile: [Windows]
[2018.10.25-02.08.12:636][  0]LogSimplygon: Simplygon DLL not present - disabling.
[2018.10.25-02.08.12:639][  0]LogMeshReduction: Using SimplygonSwarm for distributed automatic mesh merging
[2018.10.25-02.08.12:639][  0]LogMeshReduction: Using ProxyLODMeshReduction for automatic mesh merging
[2018.10.25-02.08.12:639][  0]LogMeshReduction: Using QuadricMeshReduction for automatic static mesh reduction
[2018.10.25-02.08.12:639][  0]LogMeshReduction: No automatic skeletal mesh reduction module available
[2018.10.25-02.08.12:732][  0]LogNetVersion: SPPGame 1.0.0, NetCL: 4212847, EngineNetVer: 5, GameNetVer: 0 (Checksum: 309552668)
[2018.10.25-02.08.13:206][  0]LogPackageLocalizationCache: Processed 11 localized package path(s) for 2 prioritized culture(s) in 0.099645 seconds
[2018.10.25-02.08.13:212][  0]LogUObjectArray: 38425 objects as part of root set at end of initial load.
[2018.10.25-02.08.13:212][  0]LogUObjectAllocator: 6690864 out of 0 bytes used by permanent object pool.
[2018.10.25-02.08.13:212][  0]LogUObjectArray: CloseDisregardForGC: 0/0 objects in disregard for GC pool
[2018.10.25-02.08.14:009][  0]LogSubstanceCoreModule: Substance [CPU] Engine Loaded, Max Texture Size = 2048
[2018.10.25-02.08.14:012][  0]LogTcpMessaging: Initializing TcpMessaging bridge
[2018.10.25-02.08.14:025][  0]LogUdpMessaging: Initializing bridge on interface 0.0.0.0:0 to multicast group 230.0.0.1:6666.
[2018.10.25-02.08.14:160][  0]SourceControl: Source control is disabled
[2018.10.25-02.08.14:160][  0]SourceControl: Source control is disabled
[2018.10.25-02.08.14:161][  0]SourceControl: Source control is disabled
[2018.10.25-02.08.14:162][  0]SourceControl: Source control is disabled
[2018.10.25-02.08.14:317][  0]LogAndroidPermission: UAndroidPermissionCallbackProxy::GetInstance
[2018.10.25-02.08.14:370][  0]LogOcInput: OculusInput pre-init called
[2018.10.25-02.08.14:497][  0]LogEngine: Initializing Engine...
[2018.10.25-02.08.14:498][  0]LogHMD: Failed to initialize OpenVR with code 110
[2018.10.25-02.08.14:499][  0]LogStats: UGameplayTagsManager::ConstructGameplayTagTree: ImportINI prefixes -  0.000 s
[2018.10.25-02.08.14:499][  0]LogStats: UGameplayTagsManager::ConstructGameplayTagTree: Construct from data asset -  0.000 s
[2018.10.25-02.08.14:499][  0]LogStats: UGameplayTagsManager::ConstructGameplayTagTree: ImportINI -  0.000 s
[2018.10.25-02.08.14:499][  0]LogStats: UGameplayTagsManager::ConstructGameplayTagTree: GameplayTagTreeChangedEvent.Broadcast -  0.000 s
[2018.10.25-02.08.14:700][  0]LogInit: Initializing FReadOnlyCVARCache
[2018.10.25-02.08.14:710][  0]LogAIModule: Creating AISystem for world Untitled
[2018.10.25-02.08.14:737][  0]LogInit: XAudio2 using 'Speakers (Realtek High Definition Audio)' : 2 channels at 48 kHz using 32 bits per sample (channel mask 0x3)
[2018.10.25-02.08.14:837][  0]LogInit: FAudioDevice initialized.
[2018.10.25-02.08.14:838][  0]LogNetVersion: Set ProjectVersion to 1.0.0.0. Version Checksum will be recalculated on next use.
[2018.10.25-02.08.14:917][  0]LogDerivedDataCache: Saved boot cache 0.08s 71MB C:/Users/Matthew/AppData/Local/UnrealEngine/4.20/DerivedDataCache/Boot.ddc.
[2018.10.25-02.08.14:924][  0]LogInit: Texture streaming: Enabled
[2018.10.25-02.08.14:938][  0]LogEngineSessionManager: EngineSessionManager initialized
[2018.10.25-02.08.14:954][  0]LogInit: Transaction tracking system initialized
[2018.10.25-02.08.14:972][  0]BlueprintLog: New page: Editor Load
[2018.10.25-02.08.15:037][  0]LocalizationService: Localization service is disabled
[2018.10.25-02.08.15:365][  0]LogCook: Display: Max memory allowance for cook 16384mb min free memory 0mb
[2018.10.25-02.08.15:365][  0]LogCook: Display: Mobile HDR setting 1
[2018.10.25-02.08.15:365][  0]LogGameplayTags: Display: UGameplayTagsManager::DoneAddingNativeTags. DelegateIsBound: 0
[2018.10.25-02.08.15:365][  0]LogStats: UGameplayTagsManager::ConstructGameplayTagTree: ImportINI prefixes -  0.000 s
[2018.10.25-02.08.15:365][  0]LogStats: UGameplayTagsManager::ConstructGameplayTagTree: Construct from data asset -  0.000 s
[2018.10.25-02.08.15:365][  0]LogStats: UGameplayTagsManager::ConstructGameplayTagTree: ImportINI -  0.000 s
[2018.10.25-02.08.15:365][  0]LogStats: UGameplayTagsManager::ConstructGameplayTagTree: GameplayTagTreeChangedEvent.Broadcast -  0.000 s
[2018.10.25-02.08.15:465][  0]LogFileCache: Scanning file cache for directory 'C:/Development/Unreal Projects/SPPGame/Content/' took 0.01s
[2018.10.25-02.08.15:465][  0]SourceControl: Source control is disabled
[2018.10.25-02.08.15:465][  0]Cmd: MAP LOAD FILE="../../../../../Unreal Projects/SPPGame/Content/TopDownBP/Maps/TopDownExampleMap.umap" TEMPLATE=0 SHOWPROGRESS=1 FEATURELEVEL=3
[2018.10.25-02.08.15:466][  0]LightingResults: New page: Lighting Build
[2018.10.25-02.08.15:468][  0]MapCheck: New page: Map Check
[2018.10.25-02.08.15:468][  0]LightingResults: New page: Lighting Build
[2018.10.25-02.08.15:835][  0]LogAIModule: Creating AISystem for world TopDownExampleMap
[2018.10.25-02.08.15:852][  0]LogEditorServer: Finished looking for orphan Actors (0.000 secs)
[2018.10.25-02.08.15:876][  0]Cmd: MAP CHECKDEP NOCLEARLOG
[2018.10.25-02.08.15:940][  0]MapCheck: Map check complete: 0 Error(s), 0 Warning(s), took 64.206ms to complete.
[2018.10.25-02.08.15:941][  0]LogFileHelpers: Loading map 'TopDownExampleMap' took 0.475
[2018.10.25-02.08.16:034][  0]LogCollectionManager: Loaded 0 collections in 0.001194 seconds
[2018.10.25-02.08.16:072][  0]LogFileCache: Scanning file cache for directory 'C:/Development/Unreal Projects/SPPGame/Saved/Collections/' took 0.01s
[2018.10.25-02.08.16:072][  0]LogFileCache: Scanning file cache for directory 'C:/Development/Unreal Projects/SPPGame/Content/Developers/Matthew/Collections/' took 0.01s
[2018.10.25-02.08.16:072][  0]LogFileCache: Scanning file cache for directory 'C:/Development/Unreal Projects/SPPGame/Content/Collections/' took 0.01s
[2018.10.25-02.08.16:072][  0]LogCollectionManager: Rebuilt the GUID cache for 0 collections in 0.000000 seconds
[2018.10.25-02.08.16:082][  0]LogContentBrowser: Native class hierarchy populated in 0.0092 seconds. Added 2587 classes and 611 folders.
[2018.10.25-02.08.16:090][  0]LogContentBrowser: Native class hierarchy updated for 'WidgetCarousel' in 0.0002 seconds. Added 0 classes and 0 folders.
[2018.10.25-02.08.16:124][  0]LogContentBrowser: Native class hierarchy updated for 'AddContentDialog' in 0.0002 seconds. Added 0 classes and 0 folders.
[2018.10.25-02.08.16:141][  0]LogSlate: Updating window title bar state: overlay mode, drag disabled, window buttons hidden, title bar hidden
[2018.10.25-02.08.16:151][  0]LogSlate: Updating window title bar state: overlay mode, drag disabled, window buttons hidden, title bar hidden
[2018.10.25-02.08.16:159][  0]LogSlate: Updating window title bar state: overlay mode, drag disabled, window buttons hidden, title bar hidden
[2018.10.25-02.08.16:166][  0]LogSlate: Updating window title bar state: overlay mode, drag disabled, window buttons hidden, title bar hidden
[2018.10.25-02.08.16:240][  0]LogSlate: Took 0.000277 seconds to synchronously load lazily loaded font '../../../Engine/Content/Slate/Fonts/Roboto-Regular.ttf' (155K)
[2018.10.25-02.08.16:243][  0]LogSlate: Took 0.000319 seconds to synchronously load lazily loaded font '../../../Engine/Content/Editor/Slate/Fonts/FontAwesome.ttf' (139K)
[2018.10.25-02.08.16:244][  0]LogSlate: Took 0.000200 seconds to synchronously load lazily loaded font '../../../Engine/Content/Slate/Fonts/Roboto-Bold.ttf' (160K)
[2018.10.25-02.08.16:327][  0]LogRenderer: Reallocating scene render targets to support 892x924 Format 10 NumSamples 1 (Frame:1).
[2018.10.25-02.08.16:455][  0]LogContentBrowser: Native class hierarchy updated for 'HierarchicalLODOutliner' in 0.0004 seconds. Added 0 classes and 0 folders.
[2018.10.25-02.08.16:456][  0]LogLoad: (Engine Initialization) Total time: 7.86 seconds
[2018.10.25-02.08.16:456][  0]LogLoad: (Engine Initialization) Total Blueprint compile time: 0.00 seconds
[2018.10.25-02.08.16:474][  0]LogWindowsTextInputMethodSystem: Display: IME system now deactivated.
[2018.10.25-02.08.16:498][  0]LogContentStreaming: Texture pool size now 1000 MB
[2018.10.25-02.08.16:613][  0]LogSlate: Took 0.000188 seconds to synchronously load lazily loaded font '../../../Engine/Content/Slate/Fonts/Roboto-Light.ttf' (167K)
[2018.10.25-02.08.16:626][  1]LogSubstanceLiveLink: Warning: Unable to send data along socket, closing connection
[2018.10.25-02.08.16:641][  1]LogAssetRegistry: Asset discovery search completed in 4.3824 seconds
[2018.10.25-02.08.16:643][  1]LogCollectionManager: Rebuilt the object cache for 0 collections in 0.000000 seconds (found 0 objects)
[2018.10.25-02.08.16:643][  1]LogCollectionManager: Fixed up redirectors for 0 collections in 0.000043 seconds (updated 0 objects)
[2018.10.25-02.08.20:491][231]LogSlate: FSceneViewport::OnFocusLost() reason 2
[2018.10.25-02.08.22:143][330]LogSlate: FSceneViewport::OnFocusLost() reason 2
[2018.10.25-02.08.23:741][424]Cmd: MAP LOAD FILE="../../../../../Unreal Projects/SPPGame/Content/World.umap" TEMPLATE=0 SHOWPROGRESS=1 FEATURELEVEL=3
[2018.10.25-02.08.23:746][424]LogSlate: Took 0.000172 seconds to synchronously load lazily loaded font '../../../Engine/Content/Slate/Fonts/Roboto-Light.ttf' (167K)
[2018.10.25-02.08.23:757][424]LightingResults: New page: Lighting Build
[2018.10.25-02.08.23:758][424]LoadErrors: New page: Loading map: World.umap
[2018.10.25-02.08.23:760][424]MapCheck: New page: Map Check
[2018.10.25-02.08.23:760][424]LightingResults: New page: Lighting Build
[2018.10.25-02.08.23:991][424]LogTexture: Display: Building textures: HQ_Lightmap1_11 (AutoDXT, 256X256)
[2018.10.25-02.08.23:991][424]LogTexture: Display: Building textures: HQ_Lightmap1_1 (AutoDXT, 256X256)
[2018.10.25-02.08.23:991][424]LogTexture: Display: Building textures: HQ_Lightmap1_12 (AutoDXT, 256X256)
[2018.10.25-02.08.23:991][424]LogTexture: Display: Building textures: HQ_Lightmap1_10 (AutoDXT, 256X256)
[2018.10.25-02.08.23:991][424]LogTexture: Display: Building textures: HQ_Lightmap1_13 (AutoDXT, 256X256)
[2018.10.25-02.08.23:991][424]LogTexture: Display: Building textures: HQ_Lightmap1_14 (AutoDXT, 256X256)
[2018.10.25-02.08.23:991][424]LogTexture: Display: Building textures: HQ_Lightmap1_16 (AutoDXT, 128X128)
[2018.10.25-02.08.23:991][424]LogTexture: Display: Building textures: HQ_Lightmap1_15 (AutoDXT, 256X256)
[2018.10.25-02.08.23:991][424]LogTexture: Display: Building textures: HQ_Lightmap1_18 (AutoDXT, 256X256)
[2018.10.25-02.08.23:991][424]LogTexture: Display: Building textures: HQ_Lightmap1_17 (AutoDXT, 256X256)
[2018.10.25-02.08.23:991][424]LogTexture: Display: Building textures: HQ_Lightmap1_19 (AutoDXT, 256X256)
[2018.10.25-02.08.23:991][424]LogTexture: Display: Building textures: HQ_Lightmap1_20 (AutoDXT, 256X256)
[2018.10.25-02.08.23:991][424]LogTexture: Display: Building textures: HQ_Lightmap1_2 (AutoDXT, 256X256)
[2018.10.25-02.08.23:991][424]LogTexture: Display: Building textures: HQ_Lightmap1_22 (AutoDXT, 128X128)
[2018.10.25-02.08.23:991][424]LogTexture: Display: Building textures: HQ_Lightmap1_21 (AutoDXT, 256X256)
[2018.10.25-02.08.23:991][424]LogTexture: Display: Building textures: HQ_Lightmap1_23 (AutoDXT, 128X128)
[2018.10.25-02.08.23:991][424]LogTexture: Display: Building textures: HQ_Lightmap1_24 (AutoDXT, 64X64)
[2018.10.25-02.08.23:991][424]LogTexture: Display: Building textures: HQ_Lightmap1_3 (AutoDXT, 256X256)
[2018.10.25-02.08.23:991][424]LogTexture: Display: Building textures: HQ_Lightmap1_4 (AutoDXT, 256X256)
[2018.10.25-02.08.23:991][424]LogTexture: Display: Building textures: HQ_Lightmap1_5 (AutoDXT, 256X256)
[2018.10.25-02.08.23:991][424]LogTexture: Display: Building textures: HQ_Lightmap1_6 (AutoDXT, 256X256)
[2018.10.25-02.08.23:991][424]LogTexture: Display: Building textures: HQ_Lightmap1_7 (AutoDXT, 256X256)
[2018.10.25-02.08.23:991][424]LogTexture: Display: Building textures: HQ_Lightmap1_8 (AutoDXT, 256X256)
[2018.10.25-02.08.23:991][424]LogTexture: Display: Building textures: HQ_Lightmap1_9 (AutoDXT, 256X256)
[2018.10.25-02.08.23:991][424]LogTexture: Display: Building textures: LQ_Lightmap_1_1 (DXT1, 256X256)
[2018.10.25-02.08.23:991][424]LogTexture: Display: Building textures: LQ_Lightmap_1_10 (DXT1, 256X256)
[2018.10.25-02.08.23:991][424]LogTexture: Display: Building textures: LQ_Lightmap_1_11 (DXT1, 256X256)
[2018.10.25-02.08.23:991][424]LogTexture: Display: Building textures: LQ_Lightmap_1_12 (DXT1, 256X256)
[2018.10.25-02.08.23:991][424]LogTexture: Display: Building textures: LQ_Lightmap_1_13 (DXT1, 256X256)
[2018.10.25-02.08.24:202][424]LogTexture: Display: Building textures: LQ_Lightmap_1_14 (DXT1, 256X256)
[2018.10.25-02.08.24:203][424]LogTexture: Display: Building textures: LQ_Lightmap_1_16 (DXT1, 128X128)
[2018.10.25-02.08.24:203][424]LogTexture: Display: Building textures: LQ_Lightmap_1_17 (DXT1, 256X256)
[2018.10.25-02.08.24:203][424]LogTexture: Display: Building textures: LQ_Lightmap_1_15 (DXT1, 256X256)
[2018.10.25-02.08.24:203][424]LogTexture: Display: Building textures: LQ_Lightmap_1_18 (DXT1, 256X256)
[2018.10.25-02.08.24:203][424]LogTexture: Display: Building textures: LQ_Lightmap_1_19 (DXT1, 256X256)
[2018.10.25-02.08.24:203][424]LogTexture: Display: Building textures: LQ_Lightmap_1_2 (DXT1, 256X256)
[2018.10.25-02.08.24:203][424]LogTexture: Display: Building textures: LQ_Lightmap_1_20 (DXT1, 256X256)
[2018.10.25-02.08.24:203][424]LogTexture: Display: Building textures: LQ_Lightmap_1_21 (DXT1, 256X256)
[2018.10.25-02.08.24:203][424]LogTexture: Display: Building textures: LQ_Lightmap_1_22 (DXT1, 128X128)
[2018.10.25-02.08.24:203][424]LogTexture: Display: Building textures: LQ_Lightmap_1_23 (DXT1, 128X128)
[2018.10.25-02.08.24:203][424]LogTexture: Display: Building textures: LQ_Lightmap_1_24 (DXT1, 64X64)
[2018.10.25-02.08.24:203][424]LogTexture: Display: Building textures: LQ_Lightmap_1_3 (DXT1, 256X256)
[2018.10.25-02.08.24:203][424]LogTexture: Display: Building textures: LQ_Lightmap_1_4 (DXT1, 256X256)
[2018.10.25-02.08.24:203][424]LogTexture: Display: Building textures: LQ_Lightmap_1_5 (DXT1, 256X256)
[2018.10.25-02.08.24:203][424]LogTexture: Display: Building textures: LQ_Lightmap_1_6 (DXT1, 256X256)
[2018.10.25-02.08.24:203][424]LogTexture: Display: Building textures: LQ_Lightmap_1_7 (DXT1, 256X256)
[2018.10.25-02.08.24:203][424]LogTexture: Display: Building textures: LQ_Lightmap_1_8 (DXT1, 256X256)
[2018.10.25-02.08.24:203][424]LogTexture: Display: Building textures: LQ_Lightmap_1_9 (DXT1, 256X256)
[2018.10.25-02.08.24:203][424]LogTexture: Display: Building textures: SkyOcclusion1_1 (AutoDXT, 256X128)
[2018.10.25-02.08.24:203][424]LogTexture: Display: Building textures: SkyOcclusion1_10 (AutoDXT, 256X128)
[2018.10.25-02.08.24:203][424]LogTexture: Display: Building textures: SkyOcclusion1_11 (AutoDXT, 256X128)
[2018.10.25-02.08.24:406][424]LogTexture: Display: Building textures: SkyOcclusion1_12 (AutoDXT, 256X128)
[2018.10.25-02.08.24:406][424]LogTexture: Display: Building textures: SkyOcclusion1_13 (AutoDXT, 256X128)
[2018.10.25-02.08.24:406][424]LogTexture: Display: Building textures: SkyOcclusion1_14 (AutoDXT, 256X128)
[2018.10.25-02.08.24:406][424]LogTexture: Display: Building textures: SkyOcclusion1_15 (AutoDXT, 256X128)
[2018.10.25-02.08.24:406][424]LogTexture: Display: Building textures: SkyOcclusion1_16 (AutoDXT, 128X64)
[2018.10.25-02.08.24:406][424]LogTexture: Display: Building textures: SkyOcclusion1_17 (AutoDXT, 256X128)
[2018.10.25-02.08.24:406][424]LogTexture: Display: Building textures: SkyOcclusion1_18 (AutoDXT, 256X128)
[2018.10.25-02.08.24:406][424]LogTexture: Display: Building textures: SkyOcclusion1_19 (AutoDXT, 256X128)
[2018.10.25-02.08.24:406][424]LogTexture: Display: Building textures: SkyOcclusion1_2 (AutoDXT, 256X128)
[2018.10.25-02.08.24:406][424]LogTexture: Display: Building textures: SkyOcclusion1_20 (AutoDXT, 256X128)
[2018.10.25-02.08.24:406][424]LogTexture: Display: Building textures: SkyOcclusion1_21 (AutoDXT, 256X128)
[2018.10.25-02.08.24:406][424]LogTexture: Display: Building textures: SkyOcclusion1_22 (AutoDXT, 128X64)
[2018.10.25-02.08.24:406][424]LogTexture: Display: Building textures: SkyOcclusion1_23 (AutoDXT, 128X64)
[2018.10.25-02.08.24:406][424]LogTexture: Display: Building textures: SkyOcclusion1_24 (AutoDXT, 64X32)
[2018.10.25-02.08.24:406][424]LogTexture: Display: Building textures: SkyOcclusion1_3 (AutoDXT, 256X128)
[2018.10.25-02.08.24:406][424]LogTexture: Display: Building textures: SkyOcclusion1_4 (AutoDXT, 256X128)
[2018.10.25-02.08.24:406][424]LogTexture: Display: Building textures: SkyOcclusion1_5 (AutoDXT, 256X128)
[2018.10.25-02.08.24:406][424]LogTexture: Display: Building textures: SkyOcclusion1_6 (AutoDXT, 256X128)
[2018.10.25-02.08.24:407][424]LogTexture: Display: Building textures: SkyOcclusion1_7 (AutoDXT, 256X128)
[2018.10.25-02.08.24:407][424]LogTexture: Display: Building textures: SkyOcclusion1_8 (AutoDXT, 256X128)
[2018.10.25-02.08.24:407][424]LogTexture: Display: Building textures: SkyOcclusion1_9 (AutoDXT, 256X128)
[2018.10.25-02.08.24:500][424]LogAIModule: Creating AISystem for world World
[2018.10.25-02.08.24:725][424]LogEditorServer: Finished looking for orphan Actors (0.000 secs)
[2018.10.25-02.08.24:788][424]Cmd: MAP CHECKDEP NOCLEARLOG
[2018.10.25-02.08.24:855][424]MapCheck: Map check complete: 0 Error(s), 0 Warning(s), took 66.797ms to complete.
[2018.10.25-02.08.24:855][424]LogFileHelpers: Loading map 'World' took 1.114
[2018.10.25-02.08.24:856][424]LogSlate: Window 'Open Level' being destroyed
[2018.10.25-02.08.33:459][938]LogSlate: FSceneViewport::OnFocusLost() reason 0
[2018.10.25-02.08.48:830][848]LogSlate: FSceneViewport::OnFocusLost() reason 0
[2018.10.25-02.09.04:036][733]LogEditorViewport: Clicking on Actor (LMB): Landscape (Terrain)
[2018.10.25-02.09.21:416][769]Cmd: TRANSACTION UNDO
[2018.10.25-02.09.21:416][769]LogEditorTransaction: Undo Clicking on Actors
[2018.10.25-02.09.23:081][855]LogEditorViewport: Clicking on Actor (LMB): BP_LightStudio_C (Sun)
[2018.10.25-02.09.23:725][887]Cmd: TRANSACTION UNDO
[2018.10.25-02.09.23:725][887]LogEditorTransaction: Undo Clicking on Actors
[2018.10.25-02.09.24:297][919]Cmd: TRANSACTION UNDO
[2018.10.25-02.09.24:297][919]LogEditorTransaction: Undo Set Scale
[2018.10.25-02.09.26:978][ 59]Cmd: TRANSACTION UNDO
[2018.10.25-02.09.26:978][ 59]LogEditorTransaction: Undo Clicking on Actors
[2018.10.25-02.09.33:353][440]Cmd: TRANSACTION REDO
[2018.10.25-02.09.33:353][440]LogEditorTransaction: Redo Clicking on Actors
[2018.10.25-02.09.33:709][458]Cmd: TRANSACTION REDO
[2018.10.25-02.09.33:709][458]LogEditorTransaction: Redo Set Scale
[2018.10.25-02.09.34:004][462]Cmd: TRANSACTION REDO
[2018.10.25-02.09.34:004][462]LogEditorTransaction: Redo Clicking on Actors
[2018.10.25-02.09.46:018][162]LogSlate: FSceneViewport::OnFocusLost() reason 0
[2018.10.25-02.10.10:375][572]LogSlate: FSceneViewport::OnFocusLost() reason 0
[2018.10.25-02.10.10:476][578]LogTemp: Repeating last play command: Selected Viewport
[2018.10.25-02.10.10:496][578]LogBlueprintUserMessages: Early PlayInEditor Detection: Level '/Game/World.World:PersistentLevel' has LevelScriptBlueprint '/Game/World.World:PersistentLevel.World' with GeneratedClass '/Game/World.World_C' with ClassGeneratedBy '/Game/World.World:PersistentLevel.World'
[2018.10.25-02.10.10:496][578]LogPlayLevel: PlayLevel: No blueprints needed recompiling
[2018.10.25-02.10.10:509][578]PIE: New page: PIE session: World (Oct 24, 2018, 4:10:10 PM)
[2018.10.25-02.10.10:509][578]LogPlayLevel: Creating play world package: /Game/UEDPIE_0_World
[2018.10.25-02.10.10:548][578]LogPlayLevel: PIE: StaticDuplicateObject took: (0.038553s)
[2018.10.25-02.10.10:548][578]LogAIModule: Creating AISystem for world World
[2018.10.25-02.10.10:549][578]LogPlayLevel: PIE: World Init took: (0.000767s)
[2018.10.25-02.10.10:549][578]LogPlayLevel: PIE: Created PIE world by copying editor world from /Game/World.World to /Game/UEDPIE_0_World.World (0.039482s)
[2018.10.25-02.10.10:580][578]LogInit: XAudio2 using 'Speakers (Realtek High Definition Audio)' : 2 channels at 48 kHz using 32 bits per sample (channel mask 0x3)
[2018.10.25-02.10.10:596][578]LogInit: FAudioDevice initialized.
[2018.10.25-02.10.10:639][578]LogLoad: Game class is 'TopDownGameMode_C'
[2018.10.25-02.10.10:650][578]LogWorld: Bringing World /Game/UEDPIE_0_World.World up for play (max tick rate 60) at 2018.10.24-21.10.10
[2018.10.25-02.10.10:650][578]LogWorld: Bringing up level for play took: 0.009743
[2018.10.25-02.10.10:669][578]LogContentBrowser: Native class hierarchy updated for 'MovieSceneCapture' in 0.0004 seconds. Added 10 classes and 0 folders.
[2018.10.25-02.10.10:670][578]PIE: Play in editor start time for /Game/UEDPIE_0_World 0.531
[2018.10.25-02.10.10:670][578]LogBlueprintUserMessages: Late PlayInEditor Detection: Level '/Game/World.World:PersistentLevel' has LevelScriptBlueprint '/Game/World.World:PersistentLevel.World' with GeneratedClass '/Game/World.World_C' with ClassGeneratedBy '/Game/World.World:PersistentLevel.World'
[2018.10.25-02.10.29:305][694]LogSlate: FSceneViewport::OnFocusLost() reason 0
[2018.10.25-02.10.43:059][500]LogSlate: FSceneViewport::OnFocusLost() reason 0
[2018.10.25-02.12.30:285][690]LogSlate: FSceneViewport::OnFocusLost() reason 2
[2018.10.25-02.12.32:276][804]Cmd: OBJ SAVEPACKAGE PACKAGE="/Game/World" FILE="../../../../../Unreal Projects/SPPGame/Content/World.umap" SILENT=true AUTOSAVING=false KEEPDIRTY=false
[2018.10.25-02.12.32:861][804]LogSavePackage: Moving '../../../../../Unreal Projects/SPPGame/Saved/World4C2767D54A01CDBADE43778A62325B3B.tmp' to '../../../../../Unreal Projects/SPPGame/Content/World.umap'
[2018.10.25-02.12.32:897][804]LogFileHelpers: Saving map 'World' took 0.689
[2018.10.25-02.12.46:042][930]LogSlate: FSceneViewport::OnFocusLost() reason 0
[2018.10.25-02.12.46:177][938]LogBlueprintUserMessages: Early EndPlayMap Detection: Level '/Game/World.World:PersistentLevel' has LevelScriptBlueprint '/Game/World.World:PersistentLevel.World' with GeneratedClass '/Game/World.World_C' with ClassGeneratedBy '/Game/World.World:PersistentLevel.World'
[2018.10.25-02.12.46:177][938]LogSlate: Updating window title bar state: overlay mode, drag disabled, window buttons hidden, title bar hidden
[2018.10.25-02.12.46:217][938]LogPlayLevel: Display: Shutting down PIE online subsystems
[2018.10.25-02.12.46:217][938]LogBlueprintUserMessages: Late EndPlayMap Detection: Level '/Game/World.World:PersistentLevel' has LevelScriptBlueprint '/Game/World.World:PersistentLevel.World' with GeneratedClass '/Game/World.World_C' with ClassGeneratedBy '/Game/World.World:PersistentLevel.World'
[2018.10.25-02.12.46:240][938]LogSlate: Updating window title bar state: overlay mode, drag disabled, window buttons hidden, title bar hidden
[2018.10.25-02.12.46:318][941]LogPlayLevel: Display: Destroying online subsystem :Context_2
[2018.10.25-02.12.47:864][ 29]MapCheck: New page: Map Check
[2018.10.25-02.12.47:880][ 29]Cmd: MAP REBUILD ALLVISIBLE
[2018.10.25-02.12.47:880][ 29]LogEditorServer: Rebuildmap Clear paths rebuilt
[2018.10.25-02.12.48:509][ 29]LogMaterial: Display: Missing cached shader map for material FDebugViewModeMaterialProxy LandscapeGizmo_Mat, compiling. 
[2018.10.25-02.12.48:516][ 29]LogShaderCompilers: Display: Shaders left to compile 1
[2018.10.25-02.12.48:516][ 29]LogMaterial: Display: Missing cached shader map for material FDebugViewModeMaterialProxy MaterialInstanceDynamic_3, compiling. 
[2018.10.25-02.12.48:521][ 29]LogMaterial: Display: Missing cached shader map for material FDebugViewModeMaterialProxy MaterialInstanceDynamic_2, compiling. 
[2018.10.25-02.12.48:527][ 29]LogMaterial: Display: Missing cached shader map for material FDebugViewModeMaterialProxy M_UE4Man_Body, compiling. 
[2018.10.25-02.12.48:536][ 29]LogShaderCompilers: Display: Shaders left to compile 2
[2018.10.25-02.12.48:536][ 29]LogShaderCompilers: Display: Shaders left to compile 1
[2018.10.25-02.12.48:536][ 29]LogMaterial: Display: Missing cached shader map for material FDebugViewModeMaterialProxy M_UE4Man_ChestLogo, compiling. 
[2018.10.25-02.12.48:547][ 29]LogMaterial: Display: Missing cached shader map for material FDebugViewModeMaterialProxy MatineeCam_mat, compiling. 
[2018.10.25-02.12.49:160][ 29]LogShaderCompilers: Display: Shaders left to compile 2
[2018.10.25-02.12.49:160][ 29]LogShaderCompilers: Display: Shaders left to compile 2
[2018.10.25-02.12.49:160][ 29]LogShaderCompilers: Display: Shaders left to compile 1
[2018.10.25-02.12.49:161][ 29]TextureStreamingBuild: Display: Compiling optional shaders took 0.657 seconds.
[2018.10.25-02.12.49:166][ 29]LogLevel: Display: Export Material TexCoord Scales took 0.005 seconds.
[2018.10.25-02.12.49:173][ 29]TextureStreamingBuild: Display: Build Texture Streaming took 0.006 seconds.
[2018.10.25-02.12.49:192][ 29]LightingResults: New page: Lighting Build - Oct 24, 2018, 4:12:49 PM
[2018.10.25-02.12.49:338][ 29]LogSwarmInterface: [OpenConnection] Registering TCP channel ...
[2018.10.25-02.12.49:406][ 29]LogSwarmInterface: [OpenConnection] Connecting to agent ...
[2018.10.25-02.12.49:416][ 29]LogSwarmInterface: [TryOpenConnection] Testing the Agent
[2018.10.25-02.12.49:924][ 29]LogSwarmInterface: [TryOpenConnection] Opening Connection to Agent
[2018.10.25-02.12.49:924][ 29]LogSwarmInterface: [TryOpenConnection] Local Process ID is 14528
[2018.10.25-02.12.52:164][ 29]LogStaticLightingSystem: Running Lightmass w/ ImmediateImport mode ENABLED
[2018.10.25-02.12.52:164][ 29]LogStaticLightingSystem: Running Lightmass w/ ImmediateProcess mode ENABLED
[2018.10.25-02.12.52:165][ 29]LogStaticLightingSystem: Running Lightmass w/ Sorting mode ENABLED
[2018.10.25-02.12.52:165][ 29]LogStaticLightingSystem: Running Lightmass w/ Mapping paddings ENABLED
[2018.10.25-02.12.52:165][ 29]LogStaticLightingSystem: Running Lightmass w/ Mapping debug paddings DISABLED
[2018.10.25-02.12.52:323][ 29]Cmd: MAP CHECK DONTDISPLAYDIALOG
[2018.10.25-02.12.52:323][ 29]MapCheck: New page: World - Oct 24, 2018, 4:12:52 PM
[2018.10.25-02.12.52:392][ 29]MapCheck: Map check complete: 0 Error(s), 0 Warning(s), took 68.783ms to complete.
[2018.10.25-02.12.52:415][ 29]LogEditorBuildUtils: Build time 0:04
[2018.10.25-02.13.03:917][645]LogEditorViewport: Clicking on Actor (LMB): NavMeshBoundsVolume (NavigationMeshBoundsVolume)
[2018.10.25-02.13.10:411][952]LogSlate: FSceneViewport::OnFocusLost() reason 0
[2018.10.25-02.13.20:201][504]Job is a success!
[2018.10.25-02.13.20:248][505]LogSlate: FSceneViewport::OnFocusLost() reason 2
[2018.10.25-02.13.20:327][505]LogVolumetricLightmapImport: Imported Volumetric Lightmap in 0.011s
[2018.10.25-02.13.20:327][505]LogVolumetricLightmapImport:      Indirection Texture 16x16x16 = 0.0Mb
[2018.10.25-02.13.20:327][505]LogVolumetricLightmapImport:      BrickData 120x5x5 = 0.1Mb (trimmed 0.0Mb due to 0.010000 MinBrickError)
[2018.10.25-02.13.20:327][505]LogVolumetricLightmapImport:      Bricks at Level
[2018.10.25-02.13.20:327][505]LogVolumetricLightmapImport:          0: 4.2% covering 100.0% of volume
[2018.10.25-02.13.20:327][505]LogVolumetricLightmapImport:          1: 8.3% covering 3.1% of volume
[2018.10.25-02.13.20:327][505]LogVolumetricLightmapImport:          2: 87.5% covering 0.5% of volume
[2018.10.25-02.13.20:843][505]LogTexture: Display: Building textures: SkyOcclusion0_1 (AutoDXT, 512X256)
[2018.10.25-02.13.20:843][505]LogTexture: Display: Building textures: HQ_Lightmap0_1 (AutoDXT, 512X512)
[2018.10.25-02.13.20:843][505]LogTexture: Display: Building textures: LQ_Lightmap_0_1 (DXT1, 512X512)
[2018.10.25-02.13.20:843][505]LogTexture: Display: Building textures: SkyOcclusion0_2 (AutoDXT, 512X256)
[2018.10.25-02.13.20:843][505]LogTexture: Display: Building textures: HQ_Lightmap0_2 (AutoDXT, 512X512)
[2018.10.25-02.13.20:843][505]LogTexture: Display: Building textures: LQ_Lightmap_0_2 (DXT1, 512X512)
[2018.10.25-02.13.20:843][505]LogTexture: Display: Building textures: SkyOcclusion0_3 (AutoDXT, 256X128)
[2018.10.25-02.13.20:843][505]LogTexture: Display: Building textures: HQ_Lightmap0_3 (AutoDXT, 256X256)
[2018.10.25-02.13.20:843][505]LogTexture: Display: Building textures: LQ_Lightmap_0_3 (DXT1, 256X256)
[2018.10.25-02.13.20:843][505]LogTexture: Display: Building textures: SkyOcclusion0_4 (AutoDXT, 256X128)
[2018.10.25-02.13.20:843][505]LogTexture: Display: Building textures: HQ_Lightmap0_4 (AutoDXT, 256X256)
[2018.10.25-02.13.20:843][505]LogTexture: Display: Building textures: LQ_Lightmap_0_4 (DXT1, 256X256)
[2018.10.25-02.13.20:843][505]LogTexture: Display: Building textures: SkyOcclusion0_5 (AutoDXT, 256X128)
[2018.10.25-02.13.20:843][505]LogTexture: Display: Building textures: HQ_Lightmap0_5 (AutoDXT, 256X256)
[2018.10.25-02.13.20:843][505]LogTexture: Display: Building textures: LQ_Lightmap_0_5 (DXT1, 256X256)
[2018.10.25-02.13.20:843][505]LogTexture: Display: Building textures: SkyOcclusion0_6 (AutoDXT, 256X128)
[2018.10.25-02.13.20:843][505]LogTexture: Display: Building textures: HQ_Lightmap0_6 (AutoDXT, 256X256)
[2018.10.25-02.13.20:843][505]LogTexture: Display: Building textures: LQ_Lightmap_0_6 (DXT1, 256X256)
[2018.10.25-02.13.20:843][505]LogTexture: Display: Building textures: SkyOcclusion0_7 (AutoDXT, 256X128)
[2018.10.25-02.13.20:843][505]LogTexture: Display: Building textures: HQ_Lightmap0_7 (AutoDXT, 256X256)
[2018.10.25-02.13.20:844][505]LogTexture: Display: Building textures: LQ_Lightmap_0_7 (DXT1, 256X256)
[2018.10.25-02.13.20:844][505]LogTexture: Display: Building textures: SkyOcclusion0_8 (AutoDXT, 256X128)
[2018.10.25-02.13.20:844][505]LogTexture: Display: Building textures: HQ_Lightmap0_8 (AutoDXT, 256X256)
[2018.10.25-02.13.20:844][505]LogTexture: Display: Building textures: LQ_Lightmap_0_8 (DXT1, 256X256)
[2018.10.25-02.13.20:844][505]LogTexture: Display: Building textures: SkyOcclusion0_9 (AutoDXT, 256X128)
[2018.10.25-02.13.20:844][505]LogTexture: Display: Building textures: HQ_Lightmap0_9 (AutoDXT, 256X256)
[2018.10.25-02.13.20:844][505]LogTexture: Display: Building textures: LQ_Lightmap_0_9 (DXT1, 256X256)
[2018.10.25-02.13.20:844][505]LogTexture: Display: Building textures: SkyOcclusion0_10 (AutoDXT, 256X128)
[2018.10.25-02.13.20:844][505]LogTexture: Display: Building textures: HQ_Lightmap0_10 (AutoDXT, 256X256)
[2018.10.25-02.13.20:844][505]LogTexture: Display: Building textures: LQ_Lightmap_0_10 (DXT1, 256X256)
[2018.10.25-02.13.20:844][505]LogTexture: Display: Building textures: SkyOcclusion0_11 (AutoDXT, 128X64)
[2018.10.25-02.13.20:844][505]LogTexture: Display: Building textures: HQ_Lightmap0_11 (AutoDXT, 128X128)
[2018.10.25-02.13.20:844][505]LogTexture: Display: Building textures: LQ_Lightmap_0_11 (DXT1, 128X128)
[2018.10.25-02.13.20:844][505]LogTexture: Display: Building textures: SkyOcclusion0_12 (AutoDXT, 64X32)
[2018.10.25-02.13.20:844][505]LogTexture: Display: Building textures: HQ_Lightmap0_12 (AutoDXT, 64X64)
[2018.10.25-02.13.20:844][505]LogTexture: Display: Building textures: LQ_Lightmap_0_12 (DXT1, 64X64)
[2018.10.25-02.13.20:978][505]LogTexture: Display: Building textures: ShadowMapTexture2D_3 (G8, 512X32)
[2018.10.25-02.13.20:978][505]LogTexture: Display: Building textures: ShadowMapTexture2D_6 (G8, 512X32)
[2018.10.25-02.13.20:978][505]LogTexture: Display: Building textures: ShadowMapTexture2D_4 (G8, 512X32)
[2018.10.25-02.13.20:978][505]LogTexture: Display: Building textures: ShadowMapTexture2D_5 (G8, 512X32)
[2018.10.25-02.13.20:978][505]LogTexture: Display: Building textures: ShadowMapTexture2D_2 (G8, 1024X32)
[2018.10.25-02.13.20:978][505]LogTexture: Display: Building textures: ShadowMapTexture2D_10 (G8, 128X32)
[2018.10.25-02.13.20:978][505]LogTexture: Display: Building textures: ShadowMapTexture2D_7 (G8, 512X32)
[2018.10.25-02.13.20:978][505]LogTexture: Display: Building textures: ShadowMapTexture2D_8 (G8, 512X32)
[2018.10.25-02.13.20:979][505]LogTexture: Display: Building textures: ShadowMapTexture2D_9 (G8, 512X32)
[2018.10.25-02.13.20:979][505]LogTexture: Display: Building textures: ShadowMapTexture2D_1 (G8, 1024X64)
[2018.10.25-02.13.20:979][505]LogTexture: Display: Building textures: ShadowMapTexture2D_0 (G8, 1024X128)
[2018.10.25-02.13.21:020][505]Lightmass on MATTS-LAPTOP: 13.2 sec total, 842 ms importing, 401 ms setup, 2.96 sec photons, 9.00 sec processing, 0 ms extra exporting [257/257 mappings]. Threads: 1:02 min total, 39.6 sec processing.
[2018.10.25-02.13.21:061][505]LogStaticLightingSystem: Illumination: 31.8 sec (442 ms encoding lightmaps, 126 ms encoding shadowmaps)
[2018.10.25-02.13.21:061][505]LogStaticLightingSystem: Lightmap texture memory:  2.7 MB (2.7 MB streaming, 0.0 MB non-streaming), 24 textures
[2018.10.25-02.13.21:061][505]LogStaticLightingSystem: Shadowmap texture memory: 0.4 MB (0.4 MB streaming, 0.0 MB non-streaming), 11 textures
[2018.10.25-02.13.21:188][505]DumpUnbuiltLightIteractions
[2018.10.25-02.13.21:188][505]Lights with unbuilt interactions: 0
[2018.10.25-02.13.21:188][505]
[2018.10.25-02.13.21:188][505]Primitives with unbuilt interactions: 0
[2018.10.25-02.13.21:193][505]LogSlate: FSceneViewport::OnFocusLost() reason 2
[2018.10.25-02.13.21:301][506]Cmd: MAP CHECK NOTIFYRESULTS
[2018.10.25-02.13.21:301][506]MapCheck: New page: World - Oct 24, 2018, 4:13:21 PM
[2018.10.25-02.13.21:390][506]MapCheck: Map check complete: 0 Error(s), 0 Warning(s), took 89.317ms to complete.
[2018.10.25-02.13.27:747][884]LogSlate: FSceneViewport::OnFocusLost() reason 0
[2018.10.25-02.13.41:707][721]LogSlate: FSceneViewport::OnFocusLost() reason 0
[2018.10.25-02.14.07:352][253]LogSlate: FSceneViewport::OnFocusLost() reason 0
[2018.10.25-02.14.15:390][734]LogSlate: FSceneViewport::OnFocusLost() reason 0
[2018.10.25-02.14.35:903][963]LogSlate: FSceneViewport::OnFocusLost() reason 0
[2018.10.25-02.14.59:611][379]LogSlate: FSceneViewport::OnFocusLost() reason 0
[2018.10.25-02.16.01:029][ 43]LogEditorViewport: Clicking on Actor (LMB): LightmassImportanceVolume (LightmassImportanceVolume)
[2018.10.25-02.16.10:576][609]LogSlate: FSceneViewport::OnFocusLost() reason 0
[2018.10.25-02.19.21:303][236]LogEditorViewport: Clicking on Actor (LMB): Landscape (Terrain)
[2018.10.25-02.19.24:196][406]LogSlate: FSceneViewport::OnFocusLost() reason 0
[2018.10.25-02.20.06:800][954]LogSlate: FSceneViewport::OnFocusLost() reason 0
[2018.10.25-02.21.01:013][180]LogSlate: FSceneViewport::OnFocusLost() reason 0
[2018.10.25-02.22.22:981][ 89]LogSlate: FSceneViewport::OnFocusLost() reason 0
[2018.10.25-02.22.35:321][829]LogEditorViewport: Clicking on Actor (LMB): Landscape (Terrain)
[2018.10.25-02.22.37:271][942]LogSlate: FSceneViewport::OnFocusLost() reason 0
[2018.10.25-02.22.45:988][462]LogSlate: FSceneViewport::OnFocusLost() reason 0
[2018.10.25-02.22.54:363][963]LogSlate: FSceneViewport::OnFocusLost() reason 0
[2018.10.25-02.23.01:166][368]Cmd: DELETE
[2018.10.25-02.23.01:166][368]Cmd: ACTOR DELETE
[2018.10.25-02.23.01:179][368]LogEditorActor: Deleted Actor: NavMeshBoundsVolume
[2018.10.25-02.23.01:205][368]LogEditorActor: Deleted 1 Actors (0.039 secs)
[2018.10.25-02.23.07:172][725]LogSlate: FSceneViewport::OnFocusLost() reason 0
[2018.10.25-02.23.07:305][733]LogTemp: Repeating last play command: Selected Viewport
[2018.10.25-02.23.07:326][733]LogBlueprintUserMessages: Early PlayInEditor Detection: Level '/Game/World.World:PersistentLevel' has LevelScriptBlueprint '/Game/World.World:PersistentLevel.World' with GeneratedClass '/Game/World.World_C' with ClassGeneratedBy '/Game/World.World:PersistentLevel.World'
[2018.10.25-02.23.07:326][733]LogPlayLevel: PlayLevel: No blueprints needed recompiling
[2018.10.25-02.23.07:327][733]PIE: New page: PIE session: World (Oct 24, 2018, 4:23:07 PM)
[2018.10.25-02.23.07:327][733]LogPlayLevel: Creating play world package: /Game/UEDPIE_0_World
[2018.10.25-02.23.07:361][733]LogPlayLevel: PIE: StaticDuplicateObject took: (0.034718s)
[2018.10.25-02.23.07:362][733]LogAIModule: Creating AISystem for world World
[2018.10.25-02.23.07:362][733]LogPlayLevel: PIE: World Init took: (0.000985s)
[2018.10.25-02.23.07:363][733]LogPlayLevel: PIE: Created PIE world by copying editor world from /Game/World.World to /Game/UEDPIE_0_World.World (0.035889s)
[2018.10.25-02.23.07:401][733]LogInit: XAudio2 using 'Speakers (Realtek High Definition Audio)' : 2 channels at 48 kHz using 32 bits per sample (channel mask 0x3)
[2018.10.25-02.23.07:420][733]LogInit: FAudioDevice initialized.
[2018.10.25-02.23.07:456][733]LogLoad: Game class is 'TopDownGameMode_C'
[2018.10.25-02.23.07:466][733]LogWorld: Bringing World /Game/UEDPIE_0_World.World up for play (max tick rate 60) at 2018.10.24-21.23.07
[2018.10.25-02.23.07:467][733]LogWorld: Bringing up level for play took: 0.009839
[2018.10.25-02.23.07:480][733]PIE: Play in editor start time for /Game/UEDPIE_0_World -0.657
[2018.10.25-02.23.07:481][733]LogBlueprintUserMessages: Late PlayInEditor Detection: Level '/Game/World.World:PersistentLevel' has LevelScriptBlueprint '/Game/World.World:PersistentLevel.World' with GeneratedClass '/Game/World.World_C' with ClassGeneratedBy '/Game/World.World:PersistentLevel.World'
[2018.10.25-02.23.09:830][872]LogSlate: FSceneViewport::OnFocusLost() reason 0
[2018.10.25-02.23.09:997][882]LogBlueprintUserMessages: Early EndPlayMap Detection: Level '/Game/World.World:PersistentLevel' has LevelScriptBlueprint '/Game/World.World:PersistentLevel.World' with GeneratedClass '/Game/World.World_C' with ClassGeneratedBy '/Game/World.World:PersistentLevel.World'
[2018.10.25-02.23.09:997][882]LogSlate: Updating window title bar state: overlay mode, drag disabled, window buttons hidden, title bar hidden
[2018.10.25-02.23.10:033][882]LogPlayLevel: Display: Shutting down PIE online subsystems
[2018.10.25-02.23.10:033][882]LogBlueprintUserMessages: Late EndPlayMap Detection: Level '/Game/World.World:PersistentLevel' has LevelScriptBlueprint '/Game/World.World:PersistentLevel.World' with GeneratedClass '/Game/World.World_C' with ClassGeneratedBy '/Game/World.World:PersistentLevel.World'
[2018.10.25-02.23.10:067][882]LogSlate: Updating window title bar state: overlay mode, drag disabled, window buttons hidden, title bar hidden
[2018.10.25-02.23.10:100][884]LogPlayLevel: Display: Destroying online subsystem :Context_4
[2018.10.25-02.23.32:086][189]LogSlate: FSceneViewport::OnFocusLost() reason 0
[2018.10.25-02.23.50:838][305]LogSlate: FSceneViewport::OnFocusLost() reason 0
[2018.10.25-02.24.11:488][543]LogEditorViewport: Clicking on Actor (LMB): Landscape (Terrain)
[2018.10.25-02.24.30:514][668]LogSlate: FSceneViewport::OnFocusLost() reason 0
[2018.10.25-02.24.37:613][ 90]LogSlate: FSceneViewport::OnFocusLost() reason 2
[2018.10.25-02.24.45:580][565]LogSlate: FSceneViewport::OnFocusLost() reason 0
[2018.10.25-02.25.08:371][921]LogSlate: FSceneViewport::OnFocusLost() reason 0
[2018.10.25-02.25.28:230][108]LogEditorActor: Deleted Actor: LightmassImportanceVolume
[2018.10.25-02.25.28:255][108]LogEditorActor: Deleted 1 Actors (0.037 secs)
[2018.10.25-02.25.35:196][523]LogSlate: FSceneViewport::OnFocusLost() reason 0
[2018.10.25-02.25.56:413][795]LogEditorViewport: Clicking on Actor (LMB): BP_LightStudio_C (Sun)
[2018.10.25-02.26.07:274][433]LogSlate: FSceneViewport::OnFocusLost() reason 0
[2018.10.25-02.26.07:389][440]LogTemp: Repeating last play command: Selected Viewport
[2018.10.25-02.26.07:408][440]LogBlueprintUserMessages: Early PlayInEditor Detection: Level '/Game/World.World:PersistentLevel' has LevelScriptBlueprint '/Game/World.World:PersistentLevel.World' with GeneratedClass '/Game/World.World_C' with ClassGeneratedBy '/Game/World.World:PersistentLevel.World'
[2018.10.25-02.26.07:409][440]LogPlayLevel: PlayLevel: No blueprints needed recompiling
[2018.10.25-02.26.07:409][440]PIE: New page: PIE session: World (Oct 24, 2018, 4:26:07 PM)
[2018.10.25-02.26.07:409][440]LogPlayLevel: Creating play world package: /Game/UEDPIE_0_World
[2018.10.25-02.26.07:445][440]LogPlayLevel: PIE: StaticDuplicateObject took: (0.035595s)
[2018.10.25-02.26.07:445][440]LogAIModule: Creating AISystem for world World
[2018.10.25-02.26.07:445][440]LogPlayLevel: PIE: World Init took: (0.000845s)
[2018.10.25-02.26.07:445][440]LogPlayLevel: PIE: Created PIE world by copying editor world from /Game/World.World to /Game/UEDPIE_0_World.World (0.036601s)
[2018.10.25-02.26.07:481][440]LogInit: XAudio2 using 'Speakers (Realtek High Definition Audio)' : 2 channels at 48 kHz using 32 bits per sample (channel mask 0x3)
[2018.10.25-02.26.07:497][440]LogInit: FAudioDevice initialized.
[2018.10.25-02.26.07:530][440]LogLoad: Game class is 'TopDownGameMode_C'
[2018.10.25-02.26.07:539][440]LogWorld: Bringing World /Game/UEDPIE_0_World.World up for play (max tick rate 60) at 2018.10.24-21.26.07
[2018.10.25-02.26.07:540][440]LogWorld: Bringing up level for play took: 0.008902
[2018.10.25-02.26.07:553][440]PIE: Play in editor start time for /Game/UEDPIE_0_World -0.584
[2018.10.25-02.26.07:553][440]LogBlueprintUserMessages: Late PlayInEditor Detection: Level '/Game/World.World:PersistentLevel' has LevelScriptBlueprint '/Game/World.World:PersistentLevel.World' with GeneratedClass '/Game/World.World_C' with ClassGeneratedBy '/Game/World.World:PersistentLevel.World'
[2018.10.25-02.26.11:552][679]LogSlate: FSceneViewport::OnFocusLost() reason 0
[2018.10.25-02.26.11:687][687]LogBlueprintUserMessages: Early EndPlayMap Detection: Level '/Game/World.World:PersistentLevel' has LevelScriptBlueprint '/Game/World.World:PersistentLevel.World' with GeneratedClass '/Game/World.World_C' with ClassGeneratedBy '/Game/World.World:PersistentLevel.World'
[2018.10.25-02.26.11:687][687]LogSlate: Updating window title bar state: overlay mode, drag disabled, window buttons hidden, title bar hidden
[2018.10.25-02.26.11:726][687]LogPlayLevel: Display: Shutting down PIE online subsystems
[2018.10.25-02.26.11:726][687]LogBlueprintUserMessages: Late EndPlayMap Detection: Level '/Game/World.World:PersistentLevel' has LevelScriptBlueprint '/Game/World.World:PersistentLevel.World' with GeneratedClass '/Game/World.World_C' with ClassGeneratedBy '/Game/World.World:PersistentLevel.World'
[2018.10.25-02.26.11:757][687]LogSlate: Updating window title bar state: overlay mode, drag disabled, window buttons hidden, title bar hidden
[2018.10.25-02.26.11:833][690]LogPlayLevel: Display: Destroying online subsystem :Context_5
[2018.10.25-02.26.13:825][802]MapCheck: New page: Map Check
[2018.10.25-02.26.13:843][802]Cmd: MAP REBUILD ALLVISIBLE
[2018.10.25-02.26.13:844][802]LogEditorServer: Rebuildmap Clear paths rebuilt
[2018.10.25-02.26.14:605][802]LogMaterial: Display: Missing cached shader map for material FDebugViewModeMaterialProxy LandscapeGizmo_Mat, compiling. 
[2018.10.25-02.26.14:612][802]LogMaterial: Display: Missing cached shader map for material FDebugViewModeMaterialProxy MaterialInstanceDynamic_4, compiling. 
[2018.10.25-02.26.14:618][802]LogShaderCompilers: Display: Shaders left to compile 1
[2018.10.25-02.26.14:618][802]LogMaterial: Display: Missing cached shader map for material FDebugViewModeMaterialProxy MaterialInstanceDynamic_5, compiling. 
[2018.10.25-02.26.14:626][802]LogMaterial: Display: Missing cached shader map for material FDebugViewModeMaterialProxy M_UE4Man_Body, compiling. 
[2018.10.25-02.26.14:638][802]LogShaderCompilers: Display: Shaders left to compile 2
[2018.10.25-02.26.14:638][802]LogShaderCompilers: Display: Shaders left to compile 1
[2018.10.25-02.26.14:638][802]LogMaterial: Display: Missing cached shader map for material FDebugViewModeMaterialProxy M_UE4Man_ChestLogo, compiling. 
[2018.10.25-02.26.14:647][802]LogMaterial: Display: Missing cached shader map for material FDebugViewModeMaterialProxy MatineeCam_mat, compiling. 
[2018.10.25-02.26.15:398][802]LogShaderCompilers: Display: Shaders left to compile 3
[2018.10.25-02.26.15:398][802]LogShaderCompilers: Display: Shaders left to compile 2
[2018.10.25-02.26.15:398][802]LogShaderCompilers: Display: Shaders left to compile 1
[2018.10.25-02.26.15:398][802]TextureStreamingBuild: Display: Compiling optional shaders took 0.797 seconds.
[2018.10.25-02.26.15:405][802]LogLevel: Display: Export Material TexCoord Scales took 0.007 seconds.
[2018.10.25-02.26.15:415][802]TextureStreamingBuild: Display: Build Texture Streaming took 0.009 seconds.
[2018.10.25-02.26.15:442][802]LightingResults: New page: Lighting Build - Oct 24, 2018, 4:26:15 PM
[2018.10.25-02.26.15:605][802]LogSwarmInterface: [OpenConnection] Registering TCP channel ...
[2018.10.25-02.26.15:608][802]LogSwarmInterface: [OpenConnection] Connecting to agent ...
[2018.10.25-02.26.15:608][802]LogSwarmInterface: [TryOpenConnection] Testing the Agent
[2018.10.25-02.26.15:609][802]LogSwarmInterface: [TryOpenConnection] Opening Connection to Agent
[2018.10.25-02.26.15:609][802]LogSwarmInterface: [TryOpenConnection] Local Process ID is 14528
[2018.10.25-02.26.20:129][802]LogStaticLightingSystem: Running Lightmass w/ ImmediateImport mode ENABLED
[2018.10.25-02.26.20:129][802]LogStaticLightingSystem: Running Lightmass w/ ImmediateProcess mode ENABLED
[2018.10.25-02.26.20:129][802]LogStaticLightingSystem: Running Lightmass w/ Sorting mode ENABLED
[2018.10.25-02.26.20:129][802]LogStaticLightingSystem: Running Lightmass w/ Mapping paddings ENABLED
[2018.10.25-02.26.20:129][802]LogStaticLightingSystem: Running Lightmass w/ Mapping debug paddings DISABLED
[2018.10.25-02.26.20:272][802]Cmd: MAP CHECK DONTDISPLAYDIALOG
[2018.10.25-02.26.20:272][802]MapCheck: New page: World - Oct 24, 2018, 4:26:20 PM
[2018.10.25-02.26.20:359][802]MapCheck: Map check complete: 0 Error(s), 0 Warning(s), took 86.962ms to complete.
[2018.10.25-02.26.20:382][802]LogEditorBuildUtils: Build time 0:06
[2018.10.25-02.26.38:884][858]Cmd: OBJ SAVEPACKAGE PACKAGE="/Game/World" FILE="../../../../../Unreal Projects/SPPGame/Saved/Autosaves/Game/World_Auto1.umap" SILENT=true AUTOSAVING=true KEEPDIRTY=false
[2018.10.25-02.26.39:815][858]LogSavePackage: Moving '../../../../../Unreal Projects/SPPGame/Saved/World_Auto199FA06C4404BC4665E0CD08C04A5F512.tmp' to '../../../../../Unreal Projects/SPPGame/Saved/Autosaves/Game/World_Auto1.umap'
[2018.10.25-02.26.39:827][858]LogFileHelpers: Editor autosave (incl. sublevels) for '/Game/World' took 0.976
[2018.10.25-02.26.39:827][858]LogFileHelpers: Editor autosave (incl. sublevels) for all levels took 0.976
[2018.10.25-02.26.39:833][858]OBJ SavePackage: Generating thumbnails for [0] asset(s) in package [/Game/World_BuiltData] ([1] browsable assets)...
[2018.10.25-02.26.39:834][858]OBJ SavePackage: Finished generating thumbnails for package [/Game/World_BuiltData]
[2018.10.25-02.26.39:834][858]Cmd: OBJ SAVEPACKAGE PACKAGE="/Game/World_BuiltData" FILE="../../../../../Unreal Projects/SPPGame/Saved/Autosaves/Game/World_BuiltData_Auto1.uasset" SILENT=false AUTOSAVING=true
[2018.10.25-02.26.39:916][858]LogSavePackage: Moving '../../../../../Unreal Projects/SPPGame/Saved/World_BuiltData_Auto1AFCF402A479DE48790C23BAE6045A688.tmp' to '../../../../../Unreal Projects/SPPGame/Saved/Autosaves/Game/World_BuiltData_Auto1.uasset'
[2018.10.25-02.26.39:997][858]LogFileHelpers: Auto-saving content packages took 0.165
[2018.10.25-02.27.29:738][  7]Job is a success!
[2018.10.25-02.27.30:218][  8]LogVolumetricLightmapImport: Imported Volumetric Lightmap in 0.081s
[2018.10.25-02.27.30:218][  8]LogVolumetricLightmapImport:      Indirection Texture 32x32x32 = 0.1Mb
[2018.10.25-02.27.30:218][  8]LogVolumetricLightmapImport:      BrickData 480x5x5 = 0.5Mb (trimmed 5.4Mb due to 0.010000 MinBrickError)
[2018.10.25-02.27.30:218][  8]LogVolumetricLightmapImport:      Bricks at Level
[2018.10.25-02.27.30:218][  8]LogVolumetricLightmapImport:          0: 8.3% covering 100.0% of volume
[2018.10.25-02.27.30:218][  8]LogVolumetricLightmapImport:          1: 66.7% covering 12.5% of volume
[2018.10.25-02.27.30:218][  8]LogVolumetricLightmapImport:          2: 25.0% covering 0.1% of volume
[2018.10.25-02.27.30:749][  8]LogTexture: Display: Building textures: SkyOcclusion1_1 (AutoDXT, 512X256)
[2018.10.25-02.27.30:749][  8]LogTexture: Display: Building textures: HQ_Lightmap1_1 (AutoDXT, 512X512)
[2018.10.25-02.27.30:750][  8]LogTexture: Display: Building textures: LQ_Lightmap_1_1 (DXT1, 512X512)
[2018.10.25-02.27.30:750][  8]LogTexture: Display: Building textures: SkyOcclusion1_2 (AutoDXT, 512X256)
[2018.10.25-02.27.30:750][  8]LogTexture: Display: Building textures: HQ_Lightmap1_2 (AutoDXT, 512X512)
[2018.10.25-02.27.30:750][  8]LogTexture: Display: Building textures: LQ_Lightmap_1_2 (DXT1, 512X512)
[2018.10.25-02.27.30:750][  8]LogTexture: Display: Building textures: SkyOcclusion1_3 (AutoDXT, 256X128)
[2018.10.25-02.27.30:750][  8]LogTexture: Display: Building textures: HQ_Lightmap1_3 (AutoDXT, 256X256)
[2018.10.25-02.27.30:750][  8]LogTexture: Display: Building textures: LQ_Lightmap_1_3 (DXT1, 256X256)
[2018.10.25-02.27.30:750][  8]LogTexture: Display: Building textures: SkyOcclusion1_4 (AutoDXT, 256X128)
[2018.10.25-02.27.30:750][  8]LogTexture: Display: Building textures: HQ_Lightmap1_4 (AutoDXT, 256X256)
[2018.10.25-02.27.30:750][  8]LogTexture: Display: Building textures: LQ_Lightmap_1_4 (DXT1, 256X256)
[2018.10.25-02.27.30:750][  8]LogTexture: Display: Building textures: SkyOcclusion1_5 (AutoDXT, 256X128)
[2018.10.25-02.27.30:750][  8]LogTexture: Display: Building textures: HQ_Lightmap1_5 (AutoDXT, 256X256)
[2018.10.25-02.27.30:750][  8]LogTexture: Display: Building textures: LQ_Lightmap_1_5 (DXT1, 256X256)
[2018.10.25-02.27.30:750][  8]LogTexture: Display: Building textures: SkyOcclusion1_6 (AutoDXT, 256X128)
[2018.10.25-02.27.30:750][  8]LogTexture: Display: Building textures: HQ_Lightmap1_6 (AutoDXT, 256X256)
[2018.10.25-02.27.30:750][  8]LogTexture: Display: Building textures: LQ_Lightmap_1_6 (DXT1, 256X256)
[2018.10.25-02.27.30:750][  8]LogTexture: Display: Building textures: SkyOcclusion1_7 (AutoDXT, 256X128)
[2018.10.25-02.27.30:750][  8]LogTexture: Display: Building textures: HQ_Lightmap1_7 (AutoDXT, 256X256)
[2018.10.25-02.27.30:750][  8]LogTexture: Display: Building textures: LQ_Lightmap_1_7 (DXT1, 256X256)
[2018.10.25-02.27.30:750][  8]LogTexture: Display: Building textures: SkyOcclusion1_8 (AutoDXT, 256X128)
[2018.10.25-02.27.30:750][  8]LogTexture: Display: Building textures: HQ_Lightmap1_8 (AutoDXT, 256X256)
[2018.10.25-02.27.30:750][  8]LogTexture: Display: Building textures: LQ_Lightmap_1_8 (DXT1, 256X256)
[2018.10.25-02.27.30:750][  8]LogTexture: Display: Building textures: SkyOcclusion1_9 (AutoDXT, 256X128)
[2018.10.25-02.27.30:750][  8]LogTexture: Display: Building textures: HQ_Lightmap1_9 (AutoDXT, 256X256)
[2018.10.25-02.27.30:750][  8]LogTexture: Display: Building textures: LQ_Lightmap_1_9 (DXT1, 256X256)
[2018.10.25-02.27.30:750][  8]LogTexture: Display: Building textures: SkyOcclusion1_10 (AutoDXT, 256X128)
[2018.10.25-02.27.30:750][  8]LogTexture: Display: Building textures: HQ_Lightmap1_10 (AutoDXT, 256X256)
[2018.10.25-02.27.30:750][  8]LogTexture: Display: Building textures: LQ_Lightmap_1_10 (DXT1, 256X256)
[2018.10.25-02.27.30:750][  8]LogTexture: Display: Building textures: SkyOcclusion1_11 (AutoDXT, 128X64)
[2018.10.25-02.27.30:750][  8]LogTexture: Display: Building textures: HQ_Lightmap1_11 (AutoDXT, 128X128)
[2018.10.25-02.27.30:750][  8]LogTexture: Display: Building textures: LQ_Lightmap_1_11 (DXT1, 128X128)
[2018.10.25-02.27.30:750][  8]LogTexture: Display: Building textures: SkyOcclusion1_12 (AutoDXT, 64X32)
[2018.10.25-02.27.30:751][  8]LogTexture: Display: Building textures: HQ_Lightmap1_12 (AutoDXT, 64X64)
[2018.10.25-02.27.30:751][  8]LogTexture: Display: Building textures: LQ_Lightmap_1_12 (DXT1, 64X64)
[2018.10.25-02.27.30:897][  8]LogTexture: Display: Building textures: ShadowMapTexture2D_14 (G8, 512X32)
[2018.10.25-02.27.30:897][  8]LogTexture: Display: Building textures: ShadowMapTexture2D_15 (G8, 512X32)
[2018.10.25-02.27.30:897][  8]LogTexture: Display: Building textures: ShadowMapTexture2D_16 (G8, 512X32)
[2018.10.25-02.27.30:897][  8]LogTexture: Display: Building textures: ShadowMapTexture2D_17 (G8, 512X32)
[2018.10.25-02.27.30:897][  8]LogTexture: Display: Building textures: ShadowMapTexture2D_13 (G8, 1024X32)
[2018.10.25-02.27.30:897][  8]LogTexture: Display: Building textures: ShadowMapTexture2D_21 (G8, 128X32)
[2018.10.25-02.27.30:897][  8]LogTexture: Display: Building textures: ShadowMapTexture2D_18 (G8, 512X32)
[2018.10.25-02.27.30:897][  8]LogTexture: Display: Building textures: ShadowMapTexture2D_19 (G8, 512X32)
[2018.10.25-02.27.30:897][  8]LogTexture: Display: Building textures: ShadowMapTexture2D_20 (G8, 512X32)
[2018.10.25-02.27.30:897][  8]LogTexture: Display: Building textures: ShadowMapTexture2D_12 (G8, 1024X64)
[2018.10.25-02.27.30:897][  8]LogTexture: Display: Building textures: ShadowMapTexture2D_11 (G8, 1024X128)
[2018.10.25-02.27.30:921][  8]Lightmass on MATTS-LAPTOP: 1:09 min total, 977 ms importing, 440 ms setup, 3.71 sec photons, 1:04 min processing, 0 ms extra exporting [257/257 mappings]. Threads: 7:29 min total, 35.6 sec processing.
[2018.10.25-02.27.30:968][  8]LogStaticLightingSystem: Illumination: 1:15 min (444 ms encoding lightmaps, 145 ms encoding shadowmaps)
[2018.10.25-02.27.30:968][  8]LogStaticLightingSystem: Lightmap texture memory:  2.7 MB (2.7 MB streaming, 0.0 MB non-streaming), 24 textures
[2018.10.25-02.27.30:968][  8]LogStaticLightingSystem: Shadowmap texture memory: 0.4 MB (0.4 MB streaming, 0.0 MB non-streaming), 11 textures
[2018.10.25-02.27.31:166][  8]DumpUnbuiltLightIteractions
[2018.10.25-02.27.31:166][  8]Lights with unbuilt interactions: 0
[2018.10.25-02.27.31:166][  8]
[2018.10.25-02.27.31:166][  8]Primitives with unbuilt interactions: 0
[2018.10.25-02.27.31:276][  9]Cmd: MAP CHECK NOTIFYRESULTS
[2018.10.25-02.27.31:276][  9]MapCheck: New page: World - Oct 24, 2018, 4:27:31 PM
[2018.10.25-02.27.31:377][  9]MapCheck: Map check complete: 0 Error(s), 0 Warning(s), took 101.128ms to complete.
[2018.10.25-02.28.30:968][462]LogSlate: FSceneViewport::OnFocusLost() reason 2
[2018.10.25-02.28.32:639][562]LogSlate: FSceneViewport::OnFocusLost() reason 2
[2018.10.25-02.28.34:412][562]LogSlate: Window 'Save Level As' being destroyed
[2018.10.25-02.28.35:939][653]LogSlate: FSceneViewport::OnFocusLost() reason 2
[2018.10.25-02.28.37:667][755]LogSlate: FSceneViewport::OnFocusLost() reason 2
[2018.10.25-02.28.37:766][755]Cmd: OBJ SAVEPACKAGE PACKAGE="/Game/World" FILE="../../../../../Unreal Projects/SPPGame/Content/World.umap" SILENT=true AUTOSAVING=false KEEPDIRTY=false
[2018.10.25-02.28.38:369][755]LogSavePackage: Moving '../../../../../Unreal Projects/SPPGame/Saved/World80DBCD3F49BF560329E38B98D5AB8818.tmp' to '../../../../../Unreal Projects/SPPGame/Content/World.umap'
[2018.10.25-02.28.38:406][755]LogFileHelpers: Saving map 'World' took 0.726
[2018.10.25-02.28.38:409][755]Cmd: OBJ SAVEPACKAGE PACKAGE="/Game/World_BuiltData" FILE="../../../../../Unreal Projects/SPPGame/Content/World_BuiltData.uasset" SILENT=true
[2018.10.25-02.28.38:513][755]LogSavePackage: Moving '../../../../../Unreal Projects/SPPGame/Saved/World_BuiltData53897C0145CC673FB3F46FABB0B93591.tmp' to '../../../../../Unreal Projects/SPPGame/Content/World_BuiltData.uasset'
[2018.10.25-03.39.40:330][925]LogEditorViewport: Clicking on Actor (LMB): TopDownCharacter_C (Player)
[2018.10.25-03.39.44:055][142]LogSlate: FSceneViewport::OnFocusLost() reason 0
[2018.10.25-03.39.50:262][514]LogAssetEditorManager: Opening Asset editor for Blueprint /Game/TopDownBP/Blueprints/TopDownCharacter.TopDownCharacter
[2018.10.25-03.39.50:706][514]LogContentBrowser: Native class hierarchy updated for 'BlueprintGraph' in 0.0007 seconds. Added 116 classes and 0 folders.
[2018.10.25-03.39.51:483][514]LogSlate: Took 0.004713 seconds to synchronously load lazily loaded font '../../../Engine/Content/Slate/Fonts/Roboto-BoldCondensed.ttf' (158K)
[2018.10.25-03.39.51:552][515]LogSlate: Took 0.000201 seconds to synchronously load lazily loaded font '../../../Engine/Content/Slate/Fonts/Roboto-Italic.ttf' (157K)
[2018.10.25-03.56.50:054][448]LogDirectoryWatcher: A directory notification failed for 'C:/Development/Unreal Projects/SPPGame/Content/Collections/' because it could not be accessed. Aborting watch request...
[2018.10.25-03.56.50:054][448]LogDirectoryWatcher: A directory notification failed for 'C:/Development/Unreal Projects/SPPGame/Content/Developers/Matthew/Collections/' because it could not be accessed. Aborting watch request...
[2018.10.25-03.56.50:054][448]LogDirectoryWatcher: A directory notification failed for 'C:/Development/Unreal Projects/SPPGame/Saved/Collections/' because it could not be accessed. Aborting watch request...
[2018.10.25-03.57.49:498][713]LogSlate: Window 'TopDownCharacter' being destroyed
[2018.10.25-03.57.49:504][713]LogSlate: Window 'TopDownCharacter' being destroyed
[2018.10.25-03.57.52:099][858]LogSlate: FSceneViewport::OnFocusLost() reason 2
[2018.10.25-04.08.12:302][394]LogEditorViewport: Clicking on Actor (LMB): Landscape (Terrain)
